#
# There is insufficient memory for the Java Runtime Environment to continue.
# Native memory allocation (malloc) failed to allocate 652656 bytes for Chunk::new
# Possible reasons:
#   The system is out of physical RAM or swap space
#   The process is running with CompressedOops enabled, and the Java Heap may be blocking the growth of the native heap
# Possible solutions:
#   Reduce memory load on the system
#   Increase physical memory or swap space
#   Check if swap backing store is full
#   Decrease Java heap size (-Xmx/-Xms)
#   Decrease number of Java threads
#   Decrease Java thread stack sizes (-Xss)
#   Set larger code cache with -XX:ReservedCodeCacheSize=
#   JVM is running with Unscaled Compressed Oops mode in which the Java heap is
#     placed in the first 4GB address space. The Java Heap base address is the
#     maximum limit for the native heap growth. Please use -XX:HeapBaseMinAddress
#     to set the Java Heap base and to place the Java Heap above 4GB virtual address.
# This output file may be truncated or incomplete.
#
#  Out of Memory Error (arena.cpp:184), pid=25996, tid=17200
#
# JRE version: OpenJDK Runtime Environment (19.0.2+7) (build 19.0.2+7-44)
# Java VM: OpenJDK 64-Bit Server VM (19.0.2+7-44, mixed mode, sharing, tiered, compressed oops, compressed class ptrs, g1 gc, windows-amd64)
# No core dump will be written. Minidumps are not enabled by default on client versions of Windows
#

---------------  S U M M A R Y ------------

Command Line: --add-opens=java.base/java.util=ALL-UNNAMED --add-opens=java.base/java.lang=ALL-UNNAMED --add-opens=java.base/java.lang.invoke=ALL-UNNAMED --add-opens=java.base/java.util=ALL-UNNAMED --add-opens=java.prefs/java.util.prefs=ALL-UNNAMED --add-opens=java.prefs/java.util.prefs=ALL-UNNAMED --add-opens=java.base/java.nio.charset=ALL-UNNAMED --add-opens=java.base/java.net=ALL-UNNAMED --add-opens=java.base/java.util.concurrent.atomic=ALL-UNNAMED -XX:MaxMetaspaceSize=256m -XX:+HeapDumpOnOutOfMemoryError -Xms256m -Xmx512m -Dfile.encoding=utf8 -Duser.country=US -Duser.language=en -Duser.variant org.gradle.launcher.daemon.bootstrap.GradleDaemon 7.5.1

Host: AMD Ryzen 7 4800HS with Radeon Graphics         , 16 cores, 15G,  Windows 10 , 64 bit Build 19041 (10.0.19041.2546)
Time: Mon Apr 10 15:21:43 2023 GMT Daylight Time elapsed time: 2.543010 seconds (0d 0h 0m 2s)

---------------  T H R E A D  ---------------

Current thread (0x0000017e40420f40):  JavaThread "C2 CompilerThread2" daemon [_thread_in_native, id=17200, stack(0x000000367f700000,0x000000367f800000)]


Current CompileTask:
C2:   2543 2775       4       java.net.URLClassLoader$1::run (5 bytes)

Stack: [0x000000367f700000,0x000000367f800000]
Native frames: (J=compiled Java code, j=interpreted, Vv=VM code, C=native code)
V  [jvm.dll+0x6ee21a]
V  [jvm.dll+0x85765e]
V  [jvm.dll+0x85904e]
V  [jvm.dll+0x859703]
V  [jvm.dll+0x28298f]
V  [jvm.dll+0xc9adf]
V  [jvm.dll+0xc9e65]
V  [jvm.dll+0x2f7caf]
V  [jvm.dll+0x5f076b]
V  [jvm.dll+0x255483]
V  [jvm.dll+0x24dd00]
V  [jvm.dll+0x24b673]
V  [jvm.dll+0x1d6ce1]
V  [jvm.dll+0x25b25a]
V  [jvm.dll+0x2596e8]
V  [jvm.dll+0x807588]
V  [jvm.dll+0x80125a]
V  [jvm.dll+0x6ecf0b]
C  [ucrtbase.dll+0x21bb2]
C  [KERNEL32.DLL+0x17614]
C  [ntdll.dll+0x526a1]


---------------  P R O C E S S  ---------------

Threads class SMR info:
_java_thread_list=0x0000017e41ecc1c0, length=30, elements={
0x0000017e20360580, 0x0000017e3be0bf30, 0x0000017e3be0ca60, 0x0000017e3be0f820,
0x0000017e3be10290, 0x0000017e3be15040, 0x0000017e3be15f30, 0x0000017e3be1a370,
0x0000017e40009460, 0x0000017e3be1c500, 0x0000017e40111e00, 0x0000017e4014f690,
0x0000017e40151030, 0x0000017e40277140, 0x0000017e40420f40, 0x0000017e40660b40,
0x0000017e40d63bf0, 0x0000017e41ff4430, 0x0000017e4163afe0, 0x0000017e411574f0,
0x0000017e41852c70, 0x0000017e41a6d960, 0x0000017e41f9e340, 0x0000017e41dd0090,
0x0000017e4054b1b0, 0x0000017e42049f70, 0x0000017e4204a4c0, 0x0000017e420509b0,
0x0000017e4204ef20, 0x0000017e4204cf40
}

Java Threads: ( => current thread )
  0x0000017e20360580 JavaThread "main" [_thread_blocked, id=21996, stack(0x000000367e200000,0x000000367e300000)]
  0x0000017e3be0bf30 JavaThread "Reference Handler" daemon [_thread_blocked, id=1756, stack(0x000000367e900000,0x000000367ea00000)]
  0x0000017e3be0ca60 JavaThread "Finalizer" daemon [_thread_blocked, id=20796, stack(0x000000367ea00000,0x000000367eb00000)]
  0x0000017e3be0f820 JavaThread "Signal Dispatcher" daemon [_thread_blocked, id=9452, stack(0x000000367eb00000,0x000000367ec00000)]
  0x0000017e3be10290 JavaThread "Attach Listener" daemon [_thread_blocked, id=25560, stack(0x000000367ec00000,0x000000367ed00000)]
  0x0000017e3be15040 JavaThread "Service Thread" daemon [_thread_blocked, id=25884, stack(0x000000367ed00000,0x000000367ee00000)]
  0x0000017e3be15f30 JavaThread "Monitor Deflation Thread" daemon [_thread_blocked, id=23068, stack(0x000000367ee00000,0x000000367ef00000)]
  0x0000017e3be1a370 JavaThread "C2 CompilerThread0" daemon [_thread_in_native, id=13480, stack(0x000000367ef00000,0x000000367f000000)]
  0x0000017e40009460 JavaThread "C1 CompilerThread0" daemon [_thread_in_vm, id=1132, stack(0x000000367f000000,0x000000367f100000)]
  0x0000017e3be1c500 JavaThread "Sweeper thread" daemon [_thread_blocked, id=4760, stack(0x000000367f100000,0x000000367f200000)]
  0x0000017e40111e00 JavaThread "C1 CompilerThread1" daemon [_thread_blocked, id=7532, stack(0x000000367f200000,0x000000367f300000)]
  0x0000017e4014f690 JavaThread "Common-Cleaner" daemon [_thread_blocked, id=1284, stack(0x000000367f300000,0x000000367f400000)]
  0x0000017e40151030 JavaThread "Notification Thread" daemon [_thread_blocked, id=4404, stack(0x000000367f400000,0x000000367f500000)]
  0x0000017e40277140 JavaThread "C2 CompilerThread1" daemon [_thread_in_native, id=14160, stack(0x000000367f600000,0x000000367f700000)]
=>0x0000017e40420f40 JavaThread "C2 CompilerThread2" daemon [_thread_in_native, id=17200, stack(0x000000367f700000,0x000000367f800000)]
  0x0000017e40660b40 JavaThread "C1 CompilerThread2" daemon [_thread_blocked, id=27712, stack(0x000000367f800000,0x000000367f900000)]
  0x0000017e40d63bf0 JavaThread "C1 CompilerThread3" daemon [_thread_blocked, id=16032, stack(0x000000367f900000,0x000000367fa00000)]
  0x0000017e41ff4430 JavaThread "Daemon health stats" [_thread_blocked, id=20160, stack(0x000000367ff00000,0x0000003680000000)]
  0x0000017e4163afe0 JavaThread "Incoming local TCP Connector on port 63251" [_thread_in_native, id=24356, stack(0x0000003600000000,0x0000003600100000)]
  0x0000017e411574f0 JavaThread "Daemon periodic checks" [_thread_blocked, id=28704, stack(0x0000003600100000,0x0000003600200000)]
  0x0000017e41852c70 JavaThread "Daemon" [_thread_blocked, id=20876, stack(0x0000003600200000,0x0000003600300000)]
  0x0000017e41a6d960 JavaThread "Handler for socket connection from /127.0.0.1:63251 to /127.0.0.1:63252" [_thread_in_native, id=23184, stack(0x0000003600300000,0x0000003600400000)]
  0x0000017e41f9e340 JavaThread "Cancel handler" [_thread_blocked, id=29396, stack(0x0000003600400000,0x0000003600500000)]
  0x0000017e41dd0090 JavaThread "Daemon worker" [_thread_in_Java, id=26084, stack(0x0000003600500000,0x0000003600600000)]
  0x0000017e4054b1b0 JavaThread "Asynchronous log dispatcher for DefaultDaemonConnection: socket connection from /127.0.0.1:63251 to /127.0.0.1:63252" [_thread_blocked, id=2452, stack(0x0000003600600000,0x0000003600700000)]
  0x0000017e42049f70 JavaThread "Stdin handler" [_thread_blocked, id=15200, stack(0x0000003600700000,0x0000003600800000)]
  0x0000017e4204a4c0 JavaThread "Daemon client event forwarder" [_thread_blocked, id=28212, stack(0x0000003600800000,0x0000003600900000)]
  0x0000017e420509b0 JavaThread "Cache worker for journal cache (C:\Users\Jose Ramos\.gradle\caches\journal-1)" [_thread_blocked, id=25888, stack(0x0000003600900000,0x0000003600a00000)]
  0x0000017e4204ef20 JavaThread "File lock request listener" [_thread_in_native, id=9140, stack(0x0000003600a00000,0x0000003600b00000)]
  0x0000017e4204cf40 JavaThread "Cache worker for file hash cache (C:\Users\Jose Ramos\.gradle\caches\7.5.1\fileHashes)" [_thread_blocked, id=28608, stack(0x0000003600b00000,0x0000003600c00000)]

Other Threads:
  0x0000017e3bdf0040 VMThread "VM Thread" [stack: 0x000000367e800000,0x000000367e900000] [id=29568]
  0x0000017e40151d80 WatcherThread "VM Periodic Task Thread" [stack: 0x000000367f500000,0x000000367f600000] [id=27032]
  0x0000017e20393780 WorkerThread "GC Thread#0" [stack: 0x000000367e300000,0x000000367e400000] [id=22328]
  0x0000017e401e6620 WorkerThread "GC Thread#1" [stack: 0x000000367fa00000,0x000000367fb00000] [id=12344]
  0x0000017e401e5ae0 WorkerThread "GC Thread#2" [stack: 0x000000367fb00000,0x000000367fc00000] [id=23496]
  0x0000017e401e68f0 WorkerThread "GC Thread#3" [stack: 0x000000367fc00000,0x000000367fd00000] [id=14676]
  0x0000017e401e5db0 WorkerThread "GC Thread#4" [stack: 0x000000367fd00000,0x000000367fe00000] [id=4860]
  0x0000017e401e6bc0 WorkerThread "GC Thread#5" [stack: 0x000000367fe00000,0x000000367ff00000] [id=25716]
  0x0000017e20398630 ConcurrentGCThread "G1 Main Marker" [stack: 0x000000367e400000,0x000000367e500000] [id=22940]
  0x0000017e20398e10 WorkerThread "G1 Conc#0" [stack: 0x000000367e500000,0x000000367e600000] [id=7036]
  0x0000017e3bcb31d0 ConcurrentGCThread "G1 Refine#0" [stack: 0x000000367e600000,0x000000367e700000] [id=9340]
  0x0000017e3bcb39c0 ConcurrentGCThread "G1 Service" [stack: 0x000000367e700000,0x000000367e800000] [id=1512]

Threads with active compile tasks:
C2 CompilerThread0     2559 2774   !   4       java.net.URLClassLoader::findClass (47 bytes)
C1 CompilerThread0     2559 2787       3       sun.reflect.annotation.AnnotationParser::parseMemberValue (230 bytes)
C2 CompilerThread1     2559 2665   !   4       java.lang.ClassLoader::loadClass (121 bytes)
C2 CompilerThread2     2559 2775       4       java.net.URLClassLoader$1::run (5 bytes)
C1 CompilerThread2     2559 2788       3       jdk.internal.loader.AbstractClassLoaderValue$Sub::hashCode (19 bytes)

VM state: not at safepoint (normal execution)

VM Mutex/Monitor currently owned by a thread: None

Heap address: 0x00000000e0000000, size: 512 MB, Compressed Oops mode: 32-bit

CDS archive(s) mapped at: [0x0000000800000000-0x0000000800c40000-0x0000000800c40000), size 12845056, SharedBaseAddress: 0x0000000800000000, ArchiveRelocationMode: 0.
Compressed class space mapped at: 0x0000000801000000-0x000000080e000000, reserved size: 218103808
Narrow klass base: 0x0000000800000000, Narrow klass shift: 0, Narrow klass range: 0x100000000

GC Precious Log:
 CardTable entry size: 512
 Card Set container configuration: InlinePtr #cards 5 size 8 Array Of Cards #cards 12 size 40 Howl #buckets 4 coarsen threshold 1843 Howl Bitmap #cards 512 size 80 coarsen threshold 460 Card regions per heap region 1 cards per card region 2048
 CPUs: 16 total, 16 available
 Memory: 15789M
 Large Page Support: Disabled
 NUMA Support: Disabled
 Compressed Oops: Enabled (32-bit)
 Heap Region Size: 1M
 Heap Min Capacity: 256M
 Heap Initial Capacity: 256M
 Heap Max Capacity: 512M
 Pre-touch: Disabled
 Parallel Workers: 13
 Concurrent Workers: 3
 Concurrent Refinement Workers: 13
 Periodic GC: Disabled

Heap:
 garbage-first heap   total 262144K, used 75315K [0x00000000e0000000, 0x0000000100000000)
  region size 1024K, 66 young (67584K), 4 survivors (4096K)
 Metaspace       used 16339K, committed 16832K, reserved 278528K
  class space    used 2291K, committed 2560K, reserved 212992K

Heap Regions: E=young(eden), S=young(survivor), O=old, HS=humongous(starts), HC=humongous(continues), CS=collection set, F=free, OA=open archive, CA=closed archive, TAMS=top-at-mark-start (previous, next)
|   0|0x00000000e0000000, 0x00000000e0000000, 0x00000000e0100000|  0%| F|  |TAMS 0x00000000e0000000, 0x00000000e0000000| Untracked 
|   1|0x00000000e0100000, 0x00000000e0200000, 0x00000000e0200000|100%| O|  |TAMS 0x00000000e0100000, 0x00000000e0100000| Untracked 
|   2|0x00000000e0200000, 0x00000000e0300000, 0x00000000e0300000|100%| O|  |TAMS 0x00000000e0200000, 0x00000000e0200000| Untracked 
|   3|0x00000000e0300000, 0x00000000e0400000, 0x00000000e0400000|100%|HS|  |TAMS 0x00000000e0300000, 0x00000000e0300000| Complete 
|   4|0x00000000e0400000, 0x00000000e0500000, 0x00000000e0500000|100%|HC|  |TAMS 0x00000000e0400000, 0x00000000e0400000| Complete 
|   5|0x00000000e0500000, 0x00000000e0600000, 0x00000000e0600000|100%|HC|  |TAMS 0x00000000e0500000, 0x00000000e0500000| Complete 
|   6|0x00000000e0600000, 0x00000000e0700000, 0x00000000e0700000|100%| O|  |TAMS 0x00000000e0600000, 0x00000000e0600000| Untracked 
|   7|0x00000000e0700000, 0x00000000e0800000, 0x00000000e0800000|100%| O|  |TAMS 0x00000000e0700000, 0x00000000e0700000| Untracked 
|   8|0x00000000e0800000, 0x00000000e0900000, 0x00000000e0900000|100%| O|  |TAMS 0x00000000e0800000, 0x00000000e0800000| Untracked 
|   9|0x00000000e0900000, 0x00000000e0a00000, 0x00000000e0a00000|100%| O|  |TAMS 0x00000000e0900000, 0x00000000e0900000| Untracked 
|  10|0x00000000e0a00000, 0x00000000e0a3d400, 0x00000000e0b00000| 23%| O|  |TAMS 0x00000000e0a00000, 0x00000000e0a00000| Untracked 
|  11|0x00000000e0b00000, 0x00000000e0b00000, 0x00000000e0c00000|  0%| F|  |TAMS 0x00000000e0b00000, 0x00000000e0b00000| Untracked 
|  12|0x00000000e0c00000, 0x00000000e0c00000, 0x00000000e0d00000|  0%| F|  |TAMS 0x00000000e0c00000, 0x00000000e0c00000| Untracked 
|  13|0x00000000e0d00000, 0x00000000e0d00000, 0x00000000e0e00000|  0%| F|  |TAMS 0x00000000e0d00000, 0x00000000e0d00000| Untracked 
|  14|0x00000000e0e00000, 0x00000000e0e00000, 0x00000000e0f00000|  0%| F|  |TAMS 0x00000000e0e00000, 0x00000000e0e00000| Untracked 
|  15|0x00000000e0f00000, 0x00000000e0f00000, 0x00000000e1000000|  0%| F|  |TAMS 0x00000000e0f00000, 0x00000000e0f00000| Untracked 
|  16|0x00000000e1000000, 0x00000000e1000000, 0x00000000e1100000|  0%| F|  |TAMS 0x00000000e1000000, 0x00000000e1000000| Untracked 
|  17|0x00000000e1100000, 0x00000000e1100000, 0x00000000e1200000|  0%| F|  |TAMS 0x00000000e1100000, 0x00000000e1100000| Untracked 
|  18|0x00000000e1200000, 0x00000000e1200000, 0x00000000e1300000|  0%| F|  |TAMS 0x00000000e1200000, 0x00000000e1200000| Untracked 
|  19|0x00000000e1300000, 0x00000000e1300000, 0x00000000e1400000|  0%| F|  |TAMS 0x00000000e1300000, 0x00000000e1300000| Untracked 
|  20|0x00000000e1400000, 0x00000000e1400000, 0x00000000e1500000|  0%| F|  |TAMS 0x00000000e1400000, 0x00000000e1400000| Untracked 
|  21|0x00000000e1500000, 0x00000000e1500000, 0x00000000e1600000|  0%| F|  |TAMS 0x00000000e1500000, 0x00000000e1500000| Untracked 
|  22|0x00000000e1600000, 0x00000000e1600000, 0x00000000e1700000|  0%| F|  |TAMS 0x00000000e1600000, 0x00000000e1600000| Untracked 
|  23|0x00000000e1700000, 0x00000000e1700000, 0x00000000e1800000|  0%| F|  |TAMS 0x00000000e1700000, 0x00000000e1700000| Untracked 
|  24|0x00000000e1800000, 0x00000000e1800000, 0x00000000e1900000|  0%| F|  |TAMS 0x00000000e1800000, 0x00000000e1800000| Untracked 
|  25|0x00000000e1900000, 0x00000000e1900000, 0x00000000e1a00000|  0%| F|  |TAMS 0x00000000e1900000, 0x00000000e1900000| Untracked 
|  26|0x00000000e1a00000, 0x00000000e1a00000, 0x00000000e1b00000|  0%| F|  |TAMS 0x00000000e1a00000, 0x00000000e1a00000| Untracked 
|  27|0x00000000e1b00000, 0x00000000e1b00000, 0x00000000e1c00000|  0%| F|  |TAMS 0x00000000e1b00000, 0x00000000e1b00000| Untracked 
|  28|0x00000000e1c00000, 0x00000000e1c00000, 0x00000000e1d00000|  0%| F|  |TAMS 0x00000000e1c00000, 0x00000000e1c00000| Untracked 
|  29|0x00000000e1d00000, 0x00000000e1d00000, 0x00000000e1e00000|  0%| F|  |TAMS 0x00000000e1d00000, 0x00000000e1d00000| Untracked 
|  30|0x00000000e1e00000, 0x00000000e1e00000, 0x00000000e1f00000|  0%| F|  |TAMS 0x00000000e1e00000, 0x00000000e1e00000| Untracked 
|  31|0x00000000e1f00000, 0x00000000e1f00000, 0x00000000e2000000|  0%| F|  |TAMS 0x00000000e1f00000, 0x00000000e1f00000| Untracked 
|  32|0x00000000e2000000, 0x00000000e2000000, 0x00000000e2100000|  0%| F|  |TAMS 0x00000000e2000000, 0x00000000e2000000| Untracked 
|  33|0x00000000e2100000, 0x00000000e2100000, 0x00000000e2200000|  0%| F|  |TAMS 0x00000000e2100000, 0x00000000e2100000| Untracked 
|  34|0x00000000e2200000, 0x00000000e2200000, 0x00000000e2300000|  0%| F|  |TAMS 0x00000000e2200000, 0x00000000e2200000| Untracked 
|  35|0x00000000e2300000, 0x00000000e2300000, 0x00000000e2400000|  0%| F|  |TAMS 0x00000000e2300000, 0x00000000e2300000| Untracked 
|  36|0x00000000e2400000, 0x00000000e2400000, 0x00000000e2500000|  0%| F|  |TAMS 0x00000000e2400000, 0x00000000e2400000| Untracked 
|  37|0x00000000e2500000, 0x00000000e2500000, 0x00000000e2600000|  0%| F|  |TAMS 0x00000000e2500000, 0x00000000e2500000| Untracked 
|  38|0x00000000e2600000, 0x00000000e2600000, 0x00000000e2700000|  0%| F|  |TAMS 0x00000000e2600000, 0x00000000e2600000| Untracked 
|  39|0x00000000e2700000, 0x00000000e2700000, 0x00000000e2800000|  0%| F|  |TAMS 0x00000000e2700000, 0x00000000e2700000| Untracked 
|  40|0x00000000e2800000, 0x00000000e2800000, 0x00000000e2900000|  0%| F|  |TAMS 0x00000000e2800000, 0x00000000e2800000| Untracked 
|  41|0x00000000e2900000, 0x00000000e2900000, 0x00000000e2a00000|  0%| F|  |TAMS 0x00000000e2900000, 0x00000000e2900000| Untracked 
|  42|0x00000000e2a00000, 0x00000000e2a00000, 0x00000000e2b00000|  0%| F|  |TAMS 0x00000000e2a00000, 0x00000000e2a00000| Untracked 
|  43|0x00000000e2b00000, 0x00000000e2b00000, 0x00000000e2c00000|  0%| F|  |TAMS 0x00000000e2b00000, 0x00000000e2b00000| Untracked 
|  44|0x00000000e2c00000, 0x00000000e2c00000, 0x00000000e2d00000|  0%| F|  |TAMS 0x00000000e2c00000, 0x00000000e2c00000| Untracked 
|  45|0x00000000e2d00000, 0x00000000e2d00000, 0x00000000e2e00000|  0%| F|  |TAMS 0x00000000e2d00000, 0x00000000e2d00000| Untracked 
|  46|0x00000000e2e00000, 0x00000000e2e00000, 0x00000000e2f00000|  0%| F|  |TAMS 0x00000000e2e00000, 0x00000000e2e00000| Untracked 
|  47|0x00000000e2f00000, 0x00000000e2f00000, 0x00000000e3000000|  0%| F|  |TAMS 0x00000000e2f00000, 0x00000000e2f00000| Untracked 
|  48|0x00000000e3000000, 0x00000000e3000000, 0x00000000e3100000|  0%| F|  |TAMS 0x00000000e3000000, 0x00000000e3000000| Untracked 
|  49|0x00000000e3100000, 0x00000000e3100000, 0x00000000e3200000|  0%| F|  |TAMS 0x00000000e3100000, 0x00000000e3100000| Untracked 
|  50|0x00000000e3200000, 0x00000000e3200000, 0x00000000e3300000|  0%| F|  |TAMS 0x00000000e3200000, 0x00000000e3200000| Untracked 
|  51|0x00000000e3300000, 0x00000000e3300000, 0x00000000e3400000|  0%| F|  |TAMS 0x00000000e3300000, 0x00000000e3300000| Untracked 
|  52|0x00000000e3400000, 0x00000000e3400000, 0x00000000e3500000|  0%| F|  |TAMS 0x00000000e3400000, 0x00000000e3400000| Untracked 
|  53|0x00000000e3500000, 0x00000000e3500000, 0x00000000e3600000|  0%| F|  |TAMS 0x00000000e3500000, 0x00000000e3500000| Untracked 
|  54|0x00000000e3600000, 0x00000000e3600000, 0x00000000e3700000|  0%| F|  |TAMS 0x00000000e3600000, 0x00000000e3600000| Untracked 
|  55|0x00000000e3700000, 0x00000000e3700000, 0x00000000e3800000|  0%| F|  |TAMS 0x00000000e3700000, 0x00000000e3700000| Untracked 
|  56|0x00000000e3800000, 0x00000000e3800000, 0x00000000e3900000|  0%| F|  |TAMS 0x00000000e3800000, 0x00000000e3800000| Untracked 
|  57|0x00000000e3900000, 0x00000000e3900000, 0x00000000e3a00000|  0%| F|  |TAMS 0x00000000e3900000, 0x00000000e3900000| Untracked 
|  58|0x00000000e3a00000, 0x00000000e3a00000, 0x00000000e3b00000|  0%| F|  |TAMS 0x00000000e3a00000, 0x00000000e3a00000| Untracked 
|  59|0x00000000e3b00000, 0x00000000e3b00000, 0x00000000e3c00000|  0%| F|  |TAMS 0x00000000e3b00000, 0x00000000e3b00000| Untracked 
|  60|0x00000000e3c00000, 0x00000000e3c00000, 0x00000000e3d00000|  0%| F|  |TAMS 0x00000000e3c00000, 0x00000000e3c00000| Untracked 
|  61|0x00000000e3d00000, 0x00000000e3d00000, 0x00000000e3e00000|  0%| F|  |TAMS 0x00000000e3d00000, 0x00000000e3d00000| Untracked 
|  62|0x00000000e3e00000, 0x00000000e3e00000, 0x00000000e3f00000|  0%| F|  |TAMS 0x00000000e3e00000, 0x00000000e3e00000| Untracked 
|  63|0x00000000e3f00000, 0x00000000e3f00000, 0x00000000e4000000|  0%| F|  |TAMS 0x00000000e3f00000, 0x00000000e3f00000| Untracked 
|  64|0x00000000e4000000, 0x00000000e4000000, 0x00000000e4100000|  0%| F|  |TAMS 0x00000000e4000000, 0x00000000e4000000| Untracked 
|  65|0x00000000e4100000, 0x00000000e4100000, 0x00000000e4200000|  0%| F|  |TAMS 0x00000000e4100000, 0x00000000e4100000| Untracked 
|  66|0x00000000e4200000, 0x00000000e4200000, 0x00000000e4300000|  0%| F|  |TAMS 0x00000000e4200000, 0x00000000e4200000| Untracked 
|  67|0x00000000e4300000, 0x00000000e4300000, 0x00000000e4400000|  0%| F|  |TAMS 0x00000000e4300000, 0x00000000e4300000| Untracked 
|  68|0x00000000e4400000, 0x00000000e4400000, 0x00000000e4500000|  0%| F|  |TAMS 0x00000000e4400000, 0x00000000e4400000| Untracked 
|  69|0x00000000e4500000, 0x00000000e4500000, 0x00000000e4600000|  0%| F|  |TAMS 0x00000000e4500000, 0x00000000e4500000| Untracked 
|  70|0x00000000e4600000, 0x00000000e4600000, 0x00000000e4700000|  0%| F|  |TAMS 0x00000000e4600000, 0x00000000e4600000| Untracked 
|  71|0x00000000e4700000, 0x00000000e4700000, 0x00000000e4800000|  0%| F|  |TAMS 0x00000000e4700000, 0x00000000e4700000| Untracked 
|  72|0x00000000e4800000, 0x00000000e4800000, 0x00000000e4900000|  0%| F|  |TAMS 0x00000000e4800000, 0x00000000e4800000| Untracked 
|  73|0x00000000e4900000, 0x00000000e4900000, 0x00000000e4a00000|  0%| F|  |TAMS 0x00000000e4900000, 0x00000000e4900000| Untracked 
|  74|0x00000000e4a00000, 0x00000000e4a00000, 0x00000000e4b00000|  0%| F|  |TAMS 0x00000000e4a00000, 0x00000000e4a00000| Untracked 
|  75|0x00000000e4b00000, 0x00000000e4b00000, 0x00000000e4c00000|  0%| F|  |TAMS 0x00000000e4b00000, 0x00000000e4b00000| Untracked 
|  76|0x00000000e4c00000, 0x00000000e4c00000, 0x00000000e4d00000|  0%| F|  |TAMS 0x00000000e4c00000, 0x00000000e4c00000| Untracked 
|  77|0x00000000e4d00000, 0x00000000e4d00000, 0x00000000e4e00000|  0%| F|  |TAMS 0x00000000e4d00000, 0x00000000e4d00000| Untracked 
|  78|0x00000000e4e00000, 0x00000000e4e00000, 0x00000000e4f00000|  0%| F|  |TAMS 0x00000000e4e00000, 0x00000000e4e00000| Untracked 
|  79|0x00000000e4f00000, 0x00000000e4f00000, 0x00000000e5000000|  0%| F|  |TAMS 0x00000000e4f00000, 0x00000000e4f00000| Untracked 
|  80|0x00000000e5000000, 0x00000000e5000000, 0x00000000e5100000|  0%| F|  |TAMS 0x00000000e5000000, 0x00000000e5000000| Untracked 
|  81|0x00000000e5100000, 0x00000000e5100000, 0x00000000e5200000|  0%| F|  |TAMS 0x00000000e5100000, 0x00000000e5100000| Untracked 
|  82|0x00000000e5200000, 0x00000000e5200000, 0x00000000e5300000|  0%| F|  |TAMS 0x00000000e5200000, 0x00000000e5200000| Untracked 
|  83|0x00000000e5300000, 0x00000000e5300000, 0x00000000e5400000|  0%| F|  |TAMS 0x00000000e5300000, 0x00000000e5300000| Untracked 
|  84|0x00000000e5400000, 0x00000000e5400000, 0x00000000e5500000|  0%| F|  |TAMS 0x00000000e5400000, 0x00000000e5400000| Untracked 
|  85|0x00000000e5500000, 0x00000000e5500000, 0x00000000e5600000|  0%| F|  |TAMS 0x00000000e5500000, 0x00000000e5500000| Untracked 
|  86|0x00000000e5600000, 0x00000000e5600000, 0x00000000e5700000|  0%| F|  |TAMS 0x00000000e5600000, 0x00000000e5600000| Untracked 
|  87|0x00000000e5700000, 0x00000000e5700000, 0x00000000e5800000|  0%| F|  |TAMS 0x00000000e5700000, 0x00000000e5700000| Untracked 
|  88|0x00000000e5800000, 0x00000000e5800000, 0x00000000e5900000|  0%| F|  |TAMS 0x00000000e5800000, 0x00000000e5800000| Untracked 
|  89|0x00000000e5900000, 0x00000000e5900000, 0x00000000e5a00000|  0%| F|  |TAMS 0x00000000e5900000, 0x00000000e5900000| Untracked 
|  90|0x00000000e5a00000, 0x00000000e5a00000, 0x00000000e5b00000|  0%| F|  |TAMS 0x00000000e5a00000, 0x00000000e5a00000| Untracked 
|  91|0x00000000e5b00000, 0x00000000e5b00000, 0x00000000e5c00000|  0%| F|  |TAMS 0x00000000e5b00000, 0x00000000e5b00000| Untracked 
|  92|0x00000000e5c00000, 0x00000000e5c00000, 0x00000000e5d00000|  0%| F|  |TAMS 0x00000000e5c00000, 0x00000000e5c00000| Untracked 
|  93|0x00000000e5d00000, 0x00000000e5d00000, 0x00000000e5e00000|  0%| F|  |TAMS 0x00000000e5d00000, 0x00000000e5d00000| Untracked 
|  94|0x00000000e5e00000, 0x00000000e5e00000, 0x00000000e5f00000|  0%| F|  |TAMS 0x00000000e5e00000, 0x00000000e5e00000| Untracked 
|  95|0x00000000e5f00000, 0x00000000e5f00000, 0x00000000e6000000|  0%| F|  |TAMS 0x00000000e5f00000, 0x00000000e5f00000| Untracked 
|  96|0x00000000e6000000, 0x00000000e6000000, 0x00000000e6100000|  0%| F|  |TAMS 0x00000000e6000000, 0x00000000e6000000| Untracked 
|  97|0x00000000e6100000, 0x00000000e6100000, 0x00000000e6200000|  0%| F|  |TAMS 0x00000000e6100000, 0x00000000e6100000| Untracked 
|  98|0x00000000e6200000, 0x00000000e6200000, 0x00000000e6300000|  0%| F|  |TAMS 0x00000000e6200000, 0x00000000e6200000| Untracked 
|  99|0x00000000e6300000, 0x00000000e6300000, 0x00000000e6400000|  0%| F|  |TAMS 0x00000000e6300000, 0x00000000e6300000| Untracked 
| 100|0x00000000e6400000, 0x00000000e6400000, 0x00000000e6500000|  0%| F|  |TAMS 0x00000000e6400000, 0x00000000e6400000| Untracked 
| 101|0x00000000e6500000, 0x00000000e6500000, 0x00000000e6600000|  0%| F|  |TAMS 0x00000000e6500000, 0x00000000e6500000| Untracked 
| 102|0x00000000e6600000, 0x00000000e6600000, 0x00000000e6700000|  0%| F|  |TAMS 0x00000000e6600000, 0x00000000e6600000| Untracked 
| 103|0x00000000e6700000, 0x00000000e6700000, 0x00000000e6800000|  0%| F|  |TAMS 0x00000000e6700000, 0x00000000e6700000| Untracked 
| 104|0x00000000e6800000, 0x00000000e6800000, 0x00000000e6900000|  0%| F|  |TAMS 0x00000000e6800000, 0x00000000e6800000| Untracked 
| 105|0x00000000e6900000, 0x00000000e6900000, 0x00000000e6a00000|  0%| F|  |TAMS 0x00000000e6900000, 0x00000000e6900000| Untracked 
| 106|0x00000000e6a00000, 0x00000000e6a00000, 0x00000000e6b00000|  0%| F|  |TAMS 0x00000000e6a00000, 0x00000000e6a00000| Untracked 
| 107|0x00000000e6b00000, 0x00000000e6b00000, 0x00000000e6c00000|  0%| F|  |TAMS 0x00000000e6b00000, 0x00000000e6b00000| Untracked 
| 108|0x00000000e6c00000, 0x00000000e6c00000, 0x00000000e6d00000|  0%| F|  |TAMS 0x00000000e6c00000, 0x00000000e6c00000| Untracked 
| 109|0x00000000e6d00000, 0x00000000e6d00000, 0x00000000e6e00000|  0%| F|  |TAMS 0x00000000e6d00000, 0x00000000e6d00000| Untracked 
| 110|0x00000000e6e00000, 0x00000000e6e00000, 0x00000000e6f00000|  0%| F|  |TAMS 0x00000000e6e00000, 0x00000000e6e00000| Untracked 
| 111|0x00000000e6f00000, 0x00000000e6f00000, 0x00000000e7000000|  0%| F|  |TAMS 0x00000000e6f00000, 0x00000000e6f00000| Untracked 
| 112|0x00000000e7000000, 0x00000000e7000000, 0x00000000e7100000|  0%| F|  |TAMS 0x00000000e7000000, 0x00000000e7000000| Untracked 
| 113|0x00000000e7100000, 0x00000000e7100000, 0x00000000e7200000|  0%| F|  |TAMS 0x00000000e7100000, 0x00000000e7100000| Untracked 
| 114|0x00000000e7200000, 0x00000000e7200000, 0x00000000e7300000|  0%| F|  |TAMS 0x00000000e7200000, 0x00000000e7200000| Untracked 
| 115|0x00000000e7300000, 0x00000000e7300000, 0x00000000e7400000|  0%| F|  |TAMS 0x00000000e7300000, 0x00000000e7300000| Untracked 
| 116|0x00000000e7400000, 0x00000000e7400000, 0x00000000e7500000|  0%| F|  |TAMS 0x00000000e7400000, 0x00000000e7400000| Untracked 
| 117|0x00000000e7500000, 0x00000000e7500000, 0x00000000e7600000|  0%| F|  |TAMS 0x00000000e7500000, 0x00000000e7500000| Untracked 
| 118|0x00000000e7600000, 0x00000000e7600000, 0x00000000e7700000|  0%| F|  |TAMS 0x00000000e7600000, 0x00000000e7600000| Untracked 
| 119|0x00000000e7700000, 0x00000000e7700000, 0x00000000e7800000|  0%| F|  |TAMS 0x00000000e7700000, 0x00000000e7700000| Untracked 
| 120|0x00000000e7800000, 0x00000000e7800000, 0x00000000e7900000|  0%| F|  |TAMS 0x00000000e7800000, 0x00000000e7800000| Untracked 
| 121|0x00000000e7900000, 0x00000000e7900000, 0x00000000e7a00000|  0%| F|  |TAMS 0x00000000e7900000, 0x00000000e7900000| Untracked 
| 122|0x00000000e7a00000, 0x00000000e7a00000, 0x00000000e7b00000|  0%| F|  |TAMS 0x00000000e7a00000, 0x00000000e7a00000| Untracked 
| 123|0x00000000e7b00000, 0x00000000e7b00000, 0x00000000e7c00000|  0%| F|  |TAMS 0x00000000e7b00000, 0x00000000e7b00000| Untracked 
| 124|0x00000000e7c00000, 0x00000000e7c00000, 0x00000000e7d00000|  0%| F|  |TAMS 0x00000000e7c00000, 0x00000000e7c00000| Untracked 
| 125|0x00000000e7d00000, 0x00000000e7d00000, 0x00000000e7e00000|  0%| F|  |TAMS 0x00000000e7d00000, 0x00000000e7d00000| Untracked 
| 126|0x00000000e7e00000, 0x00000000e7e00000, 0x00000000e7f00000|  0%| F|  |TAMS 0x00000000e7e00000, 0x00000000e7e00000| Untracked 
| 127|0x00000000e7f00000, 0x00000000e7f00000, 0x00000000e8000000|  0%| F|  |TAMS 0x00000000e7f00000, 0x00000000e7f00000| Untracked 
| 128|0x00000000e8000000, 0x00000000e8000000, 0x00000000e8100000|  0%| F|  |TAMS 0x00000000e8000000, 0x00000000e8000000| Untracked 
| 129|0x00000000e8100000, 0x00000000e8100000, 0x00000000e8200000|  0%| F|  |TAMS 0x00000000e8100000, 0x00000000e8100000| Untracked 
| 130|0x00000000e8200000, 0x00000000e8200000, 0x00000000e8300000|  0%| F|  |TAMS 0x00000000e8200000, 0x00000000e8200000| Untracked 
| 131|0x00000000e8300000, 0x00000000e8300000, 0x00000000e8400000|  0%| F|  |TAMS 0x00000000e8300000, 0x00000000e8300000| Untracked 
| 132|0x00000000e8400000, 0x00000000e8400000, 0x00000000e8500000|  0%| F|  |TAMS 0x00000000e8400000, 0x00000000e8400000| Untracked 
| 133|0x00000000e8500000, 0x00000000e8500000, 0x00000000e8600000|  0%| F|  |TAMS 0x00000000e8500000, 0x00000000e8500000| Untracked 
| 134|0x00000000e8600000, 0x00000000e8600000, 0x00000000e8700000|  0%| F|  |TAMS 0x00000000e8600000, 0x00000000e8600000| Untracked 
| 135|0x00000000e8700000, 0x00000000e8700000, 0x00000000e8800000|  0%| F|  |TAMS 0x00000000e8700000, 0x00000000e8700000| Untracked 
| 136|0x00000000e8800000, 0x00000000e8800000, 0x00000000e8900000|  0%| F|  |TAMS 0x00000000e8800000, 0x00000000e8800000| Untracked 
| 137|0x00000000e8900000, 0x00000000e8900000, 0x00000000e8a00000|  0%| F|  |TAMS 0x00000000e8900000, 0x00000000e8900000| Untracked 
| 138|0x00000000e8a00000, 0x00000000e8a00000, 0x00000000e8b00000|  0%| F|  |TAMS 0x00000000e8a00000, 0x00000000e8a00000| Untracked 
| 139|0x00000000e8b00000, 0x00000000e8b00000, 0x00000000e8c00000|  0%| F|  |TAMS 0x00000000e8b00000, 0x00000000e8b00000| Untracked 
| 140|0x00000000e8c00000, 0x00000000e8c00000, 0x00000000e8d00000|  0%| F|  |TAMS 0x00000000e8c00000, 0x00000000e8c00000| Untracked 
| 141|0x00000000e8d00000, 0x00000000e8d00000, 0x00000000e8e00000|  0%| F|  |TAMS 0x00000000e8d00000, 0x00000000e8d00000| Untracked 
| 142|0x00000000e8e00000, 0x00000000e8e00000, 0x00000000e8f00000|  0%| F|  |TAMS 0x00000000e8e00000, 0x00000000e8e00000| Untracked 
| 143|0x00000000e8f00000, 0x00000000e8f00000, 0x00000000e9000000|  0%| F|  |TAMS 0x00000000e8f00000, 0x00000000e8f00000| Untracked 
| 144|0x00000000e9000000, 0x00000000e9000000, 0x00000000e9100000|  0%| F|  |TAMS 0x00000000e9000000, 0x00000000e9000000| Untracked 
| 145|0x00000000e9100000, 0x00000000e9100000, 0x00000000e9200000|  0%| F|  |TAMS 0x00000000e9100000, 0x00000000e9100000| Untracked 
| 146|0x00000000e9200000, 0x00000000e9200000, 0x00000000e9300000|  0%| F|  |TAMS 0x00000000e9200000, 0x00000000e9200000| Untracked 
| 147|0x00000000e9300000, 0x00000000e9300000, 0x00000000e9400000|  0%| F|  |TAMS 0x00000000e9300000, 0x00000000e9300000| Untracked 
| 148|0x00000000e9400000, 0x00000000e9400000, 0x00000000e9500000|  0%| F|  |TAMS 0x00000000e9400000, 0x00000000e9400000| Untracked 
| 149|0x00000000e9500000, 0x00000000e9500000, 0x00000000e9600000|  0%| F|  |TAMS 0x00000000e9500000, 0x00000000e9500000| Untracked 
| 150|0x00000000e9600000, 0x00000000e9600000, 0x00000000e9700000|  0%| F|  |TAMS 0x00000000e9600000, 0x00000000e9600000| Untracked 
| 151|0x00000000e9700000, 0x00000000e9700000, 0x00000000e9800000|  0%| F|  |TAMS 0x00000000e9700000, 0x00000000e9700000| Untracked 
| 152|0x00000000e9800000, 0x00000000e9800000, 0x00000000e9900000|  0%| F|  |TAMS 0x00000000e9800000, 0x00000000e9800000| Untracked 
| 153|0x00000000e9900000, 0x00000000e9900000, 0x00000000e9a00000|  0%| F|  |TAMS 0x00000000e9900000, 0x00000000e9900000| Untracked 
| 154|0x00000000e9a00000, 0x00000000e9a00000, 0x00000000e9b00000|  0%| F|  |TAMS 0x00000000e9a00000, 0x00000000e9a00000| Untracked 
| 155|0x00000000e9b00000, 0x00000000e9b00000, 0x00000000e9c00000|  0%| F|  |TAMS 0x00000000e9b00000, 0x00000000e9b00000| Untracked 
| 156|0x00000000e9c00000, 0x00000000e9c00000, 0x00000000e9d00000|  0%| F|  |TAMS 0x00000000e9c00000, 0x00000000e9c00000| Untracked 
| 157|0x00000000e9d00000, 0x00000000e9d00000, 0x00000000e9e00000|  0%| F|  |TAMS 0x00000000e9d00000, 0x00000000e9d00000| Untracked 
| 158|0x00000000e9e00000, 0x00000000e9e00000, 0x00000000e9f00000|  0%| F|  |TAMS 0x00000000e9e00000, 0x00000000e9e00000| Untracked 
| 159|0x00000000e9f00000, 0x00000000e9f00000, 0x00000000ea000000|  0%| F|  |TAMS 0x00000000e9f00000, 0x00000000e9f00000| Untracked 
| 160|0x00000000ea000000, 0x00000000ea000000, 0x00000000ea100000|  0%| F|  |TAMS 0x00000000ea000000, 0x00000000ea000000| Untracked 
| 161|0x00000000ea100000, 0x00000000ea100000, 0x00000000ea200000|  0%| F|  |TAMS 0x00000000ea100000, 0x00000000ea100000| Untracked 
| 162|0x00000000ea200000, 0x00000000ea200000, 0x00000000ea300000|  0%| F|  |TAMS 0x00000000ea200000, 0x00000000ea200000| Untracked 
| 163|0x00000000ea300000, 0x00000000ea300000, 0x00000000ea400000|  0%| F|  |TAMS 0x00000000ea300000, 0x00000000ea300000| Untracked 
| 164|0x00000000ea400000, 0x00000000ea400000, 0x00000000ea500000|  0%| F|  |TAMS 0x00000000ea400000, 0x00000000ea400000| Untracked 
| 165|0x00000000ea500000, 0x00000000ea500000, 0x00000000ea600000|  0%| F|  |TAMS 0x00000000ea500000, 0x00000000ea500000| Untracked 
| 166|0x00000000ea600000, 0x00000000ea600000, 0x00000000ea700000|  0%| F|  |TAMS 0x00000000ea600000, 0x00000000ea600000| Untracked 
| 167|0x00000000ea700000, 0x00000000ea700000, 0x00000000ea800000|  0%| F|  |TAMS 0x00000000ea700000, 0x00000000ea700000| Untracked 
| 168|0x00000000ea800000, 0x00000000ea800000, 0x00000000ea900000|  0%| F|  |TAMS 0x00000000ea800000, 0x00000000ea800000| Untracked 
| 169|0x00000000ea900000, 0x00000000ea900000, 0x00000000eaa00000|  0%| F|  |TAMS 0x00000000ea900000, 0x00000000ea900000| Untracked 
| 170|0x00000000eaa00000, 0x00000000eaa00000, 0x00000000eab00000|  0%| F|  |TAMS 0x00000000eaa00000, 0x00000000eaa00000| Untracked 
| 171|0x00000000eab00000, 0x00000000eab00000, 0x00000000eac00000|  0%| F|  |TAMS 0x00000000eab00000, 0x00000000eab00000| Untracked 
| 172|0x00000000eac00000, 0x00000000eac00000, 0x00000000ead00000|  0%| F|  |TAMS 0x00000000eac00000, 0x00000000eac00000| Untracked 
| 173|0x00000000ead00000, 0x00000000ead00000, 0x00000000eae00000|  0%| F|  |TAMS 0x00000000ead00000, 0x00000000ead00000| Untracked 
| 174|0x00000000eae00000, 0x00000000eae00000, 0x00000000eaf00000|  0%| F|  |TAMS 0x00000000eae00000, 0x00000000eae00000| Untracked 
| 175|0x00000000eaf00000, 0x00000000eaf00000, 0x00000000eb000000|  0%| F|  |TAMS 0x00000000eaf00000, 0x00000000eaf00000| Untracked 
| 176|0x00000000eb000000, 0x00000000eb000000, 0x00000000eb100000|  0%| F|  |TAMS 0x00000000eb000000, 0x00000000eb000000| Untracked 
| 177|0x00000000eb100000, 0x00000000eb100000, 0x00000000eb200000|  0%| F|  |TAMS 0x00000000eb100000, 0x00000000eb100000| Untracked 
| 178|0x00000000eb200000, 0x00000000eb200000, 0x00000000eb300000|  0%| F|  |TAMS 0x00000000eb200000, 0x00000000eb200000| Untracked 
| 179|0x00000000eb300000, 0x00000000eb300000, 0x00000000eb400000|  0%| F|  |TAMS 0x00000000eb300000, 0x00000000eb300000| Untracked 
| 180|0x00000000eb400000, 0x00000000eb400000, 0x00000000eb500000|  0%| F|  |TAMS 0x00000000eb400000, 0x00000000eb400000| Untracked 
| 181|0x00000000eb500000, 0x00000000eb500000, 0x00000000eb600000|  0%| F|  |TAMS 0x00000000eb500000, 0x00000000eb500000| Untracked 
| 182|0x00000000eb600000, 0x00000000eb600000, 0x00000000eb700000|  0%| F|  |TAMS 0x00000000eb600000, 0x00000000eb600000| Untracked 
| 183|0x00000000eb700000, 0x00000000eb700000, 0x00000000eb800000|  0%| F|  |TAMS 0x00000000eb700000, 0x00000000eb700000| Untracked 
| 184|0x00000000eb800000, 0x00000000eb800000, 0x00000000eb900000|  0%| F|  |TAMS 0x00000000eb800000, 0x00000000eb800000| Untracked 
| 185|0x00000000eb900000, 0x00000000eb900000, 0x00000000eba00000|  0%| F|  |TAMS 0x00000000eb900000, 0x00000000eb900000| Untracked 
| 186|0x00000000eba00000, 0x00000000eba00000, 0x00000000ebb00000|  0%| F|  |TAMS 0x00000000eba00000, 0x00000000eba00000| Untracked 
| 187|0x00000000ebb00000, 0x00000000ebb00000, 0x00000000ebc00000|  0%| F|  |TAMS 0x00000000ebb00000, 0x00000000ebb00000| Untracked 
| 188|0x00000000ebc00000, 0x00000000ebc00000, 0x00000000ebd00000|  0%| F|  |TAMS 0x00000000ebc00000, 0x00000000ebc00000| Untracked 
| 189|0x00000000ebd00000, 0x00000000ebd00000, 0x00000000ebe00000|  0%| F|  |TAMS 0x00000000ebd00000, 0x00000000ebd00000| Untracked 
| 190|0x00000000ebe00000, 0x00000000ebf00000, 0x00000000ebf00000|100%| E|  |TAMS 0x00000000ebe00000, 0x00000000ebe00000| Complete 
| 191|0x00000000ebf00000, 0x00000000ec000000, 0x00000000ec000000|100%| E|CS|TAMS 0x00000000ebf00000, 0x00000000ebf00000| Complete 
| 192|0x00000000ec000000, 0x00000000ec100000, 0x00000000ec100000|100%| E|CS|TAMS 0x00000000ec000000, 0x00000000ec000000| Complete 
| 193|0x00000000ec100000, 0x00000000ec200000, 0x00000000ec200000|100%| E|CS|TAMS 0x00000000ec100000, 0x00000000ec100000| Complete 
| 194|0x00000000ec200000, 0x00000000ec300000, 0x00000000ec300000|100%| E|CS|TAMS 0x00000000ec200000, 0x00000000ec200000| Complete 
| 195|0x00000000ec300000, 0x00000000ec400000, 0x00000000ec400000|100%| E|CS|TAMS 0x00000000ec300000, 0x00000000ec300000| Complete 
| 196|0x00000000ec400000, 0x00000000ec500000, 0x00000000ec500000|100%| E|CS|TAMS 0x00000000ec400000, 0x00000000ec400000| Complete 
| 197|0x00000000ec500000, 0x00000000ec600000, 0x00000000ec600000|100%| E|CS|TAMS 0x00000000ec500000, 0x00000000ec500000| Complete 
| 198|0x00000000ec600000, 0x00000000ec700000, 0x00000000ec700000|100%| E|CS|TAMS 0x00000000ec600000, 0x00000000ec600000| Complete 
| 199|0x00000000ec700000, 0x00000000ec800000, 0x00000000ec800000|100%| E|CS|TAMS 0x00000000ec700000, 0x00000000ec700000| Complete 
| 200|0x00000000ec800000, 0x00000000ec900000, 0x00000000ec900000|100%| E|CS|TAMS 0x00000000ec800000, 0x00000000ec800000| Complete 
| 201|0x00000000ec900000, 0x00000000eca00000, 0x00000000eca00000|100%| E|CS|TAMS 0x00000000ec900000, 0x00000000ec900000| Complete 
| 202|0x00000000eca00000, 0x00000000ecb00000, 0x00000000ecb00000|100%| E|CS|TAMS 0x00000000eca00000, 0x00000000eca00000| Complete 
| 203|0x00000000ecb00000, 0x00000000ecc00000, 0x00000000ecc00000|100%| E|CS|TAMS 0x00000000ecb00000, 0x00000000ecb00000| Complete 
| 204|0x00000000ecc00000, 0x00000000ecd00000, 0x00000000ecd00000|100%| E|CS|TAMS 0x00000000ecc00000, 0x00000000ecc00000| Complete 
| 205|0x00000000ecd00000, 0x00000000ece00000, 0x00000000ece00000|100%| E|CS|TAMS 0x00000000ecd00000, 0x00000000ecd00000| Complete 
| 206|0x00000000ece00000, 0x00000000ecf00000, 0x00000000ecf00000|100%| E|CS|TAMS 0x00000000ece00000, 0x00000000ece00000| Complete 
| 207|0x00000000ecf00000, 0x00000000ed000000, 0x00000000ed000000|100%| E|CS|TAMS 0x00000000ecf00000, 0x00000000ecf00000| Complete 
| 208|0x00000000ed000000, 0x00000000ed100000, 0x00000000ed100000|100%| E|CS|TAMS 0x00000000ed000000, 0x00000000ed000000| Complete 
| 209|0x00000000ed100000, 0x00000000ed200000, 0x00000000ed200000|100%| E|CS|TAMS 0x00000000ed100000, 0x00000000ed100000| Complete 
| 210|0x00000000ed200000, 0x00000000ed300000, 0x00000000ed300000|100%| E|CS|TAMS 0x00000000ed200000, 0x00000000ed200000| Complete 
| 211|0x00000000ed300000, 0x00000000ed400000, 0x00000000ed400000|100%| E|CS|TAMS 0x00000000ed300000, 0x00000000ed300000| Complete 
| 212|0x00000000ed400000, 0x00000000ed500000, 0x00000000ed500000|100%| E|CS|TAMS 0x00000000ed400000, 0x00000000ed400000| Complete 
| 213|0x00000000ed500000, 0x00000000ed600000, 0x00000000ed600000|100%| E|CS|TAMS 0x00000000ed500000, 0x00000000ed500000| Complete 
| 214|0x00000000ed600000, 0x00000000ed700000, 0x00000000ed700000|100%| E|CS|TAMS 0x00000000ed600000, 0x00000000ed600000| Complete 
| 215|0x00000000ed700000, 0x00000000ed800000, 0x00000000ed800000|100%| E|CS|TAMS 0x00000000ed700000, 0x00000000ed700000| Complete 
| 216|0x00000000ed800000, 0x00000000ed900000, 0x00000000ed900000|100%| E|CS|TAMS 0x00000000ed800000, 0x00000000ed800000| Complete 
| 217|0x00000000ed900000, 0x00000000eda00000, 0x00000000eda00000|100%| E|CS|TAMS 0x00000000ed900000, 0x00000000ed900000| Complete 
| 218|0x00000000eda00000, 0x00000000edb00000, 0x00000000edb00000|100%| E|CS|TAMS 0x00000000eda00000, 0x00000000eda00000| Complete 
| 219|0x00000000edb00000, 0x00000000edc00000, 0x00000000edc00000|100%| E|CS|TAMS 0x00000000edb00000, 0x00000000edb00000| Complete 
| 220|0x00000000edc00000, 0x00000000edd00000, 0x00000000edd00000|100%| E|CS|TAMS 0x00000000edc00000, 0x00000000edc00000| Complete 
| 221|0x00000000edd00000, 0x00000000edd4fbf0, 0x00000000ede00000| 31%| S|CS|TAMS 0x00000000edd00000, 0x00000000edd00000| Complete 
| 222|0x00000000ede00000, 0x00000000edf00000, 0x00000000edf00000|100%| S|CS|TAMS 0x00000000ede00000, 0x00000000ede00000| Complete 
| 223|0x00000000edf00000, 0x00000000ee000000, 0x00000000ee000000|100%| S|CS|TAMS 0x00000000edf00000, 0x00000000edf00000| Complete 
| 224|0x00000000ee000000, 0x00000000ee100000, 0x00000000ee100000|100%| S|CS|TAMS 0x00000000ee000000, 0x00000000ee000000| Complete 
| 225|0x00000000ee100000, 0x00000000ee200000, 0x00000000ee200000|100%| E|CS|TAMS 0x00000000ee100000, 0x00000000ee100000| Complete 
| 226|0x00000000ee200000, 0x00000000ee300000, 0x00000000ee300000|100%| E|CS|TAMS 0x00000000ee200000, 0x00000000ee200000| Complete 
| 227|0x00000000ee300000, 0x00000000ee400000, 0x00000000ee400000|100%| E|CS|TAMS 0x00000000ee300000, 0x00000000ee300000| Complete 
| 228|0x00000000ee400000, 0x00000000ee500000, 0x00000000ee500000|100%| E|CS|TAMS 0x00000000ee400000, 0x00000000ee400000| Complete 
| 229|0x00000000ee500000, 0x00000000ee600000, 0x00000000ee600000|100%| E|CS|TAMS 0x00000000ee500000, 0x00000000ee500000| Complete 
| 230|0x00000000ee600000, 0x00000000ee700000, 0x00000000ee700000|100%| E|CS|TAMS 0x00000000ee600000, 0x00000000ee600000| Complete 
| 231|0x00000000ee700000, 0x00000000ee800000, 0x00000000ee800000|100%| E|CS|TAMS 0x00000000ee700000, 0x00000000ee700000| Complete 
| 232|0x00000000ee800000, 0x00000000ee900000, 0x00000000ee900000|100%| E|CS|TAMS 0x00000000ee800000, 0x00000000ee800000| Complete 
| 233|0x00000000ee900000, 0x00000000eea00000, 0x00000000eea00000|100%| E|CS|TAMS 0x00000000ee900000, 0x00000000ee900000| Complete 
| 234|0x00000000eea00000, 0x00000000eeb00000, 0x00000000eeb00000|100%| E|CS|TAMS 0x00000000eea00000, 0x00000000eea00000| Complete 
| 235|0x00000000eeb00000, 0x00000000eec00000, 0x00000000eec00000|100%| E|CS|TAMS 0x00000000eeb00000, 0x00000000eeb00000| Complete 
| 236|0x00000000eec00000, 0x00000000eed00000, 0x00000000eed00000|100%| E|CS|TAMS 0x00000000eec00000, 0x00000000eec00000| Complete 
| 237|0x00000000eed00000, 0x00000000eee00000, 0x00000000eee00000|100%| E|CS|TAMS 0x00000000eed00000, 0x00000000eed00000| Complete 
| 238|0x00000000eee00000, 0x00000000eef00000, 0x00000000eef00000|100%| E|CS|TAMS 0x00000000eee00000, 0x00000000eee00000| Complete 
| 239|0x00000000eef00000, 0x00000000ef000000, 0x00000000ef000000|100%| E|CS|TAMS 0x00000000eef00000, 0x00000000eef00000| Complete 
| 240|0x00000000ef000000, 0x00000000ef100000, 0x00000000ef100000|100%| E|CS|TAMS 0x00000000ef000000, 0x00000000ef000000| Complete 
| 241|0x00000000ef100000, 0x00000000ef200000, 0x00000000ef200000|100%| E|CS|TAMS 0x00000000ef100000, 0x00000000ef100000| Complete 
| 242|0x00000000ef200000, 0x00000000ef300000, 0x00000000ef300000|100%| E|CS|TAMS 0x00000000ef200000, 0x00000000ef200000| Complete 
| 243|0x00000000ef300000, 0x00000000ef400000, 0x00000000ef400000|100%| E|CS|TAMS 0x00000000ef300000, 0x00000000ef300000| Complete 
| 244|0x00000000ef400000, 0x00000000ef500000, 0x00000000ef500000|100%| E|CS|TAMS 0x00000000ef400000, 0x00000000ef400000| Complete 
| 245|0x00000000ef500000, 0x00000000ef600000, 0x00000000ef600000|100%| E|CS|TAMS 0x00000000ef500000, 0x00000000ef500000| Complete 
| 246|0x00000000ef600000, 0x00000000ef700000, 0x00000000ef700000|100%| E|CS|TAMS 0x00000000ef600000, 0x00000000ef600000| Complete 
| 247|0x00000000ef700000, 0x00000000ef800000, 0x00000000ef800000|100%| E|CS|TAMS 0x00000000ef700000, 0x00000000ef700000| Complete 
| 248|0x00000000ef800000, 0x00000000ef900000, 0x00000000ef900000|100%| E|CS|TAMS 0x00000000ef800000, 0x00000000ef800000| Complete 
| 249|0x00000000ef900000, 0x00000000efa00000, 0x00000000efa00000|100%| E|CS|TAMS 0x00000000ef900000, 0x00000000ef900000| Complete 
| 250|0x00000000efa00000, 0x00000000efb00000, 0x00000000efb00000|100%| E|CS|TAMS 0x00000000efa00000, 0x00000000efa00000| Complete 
| 251|0x00000000efb00000, 0x00000000efc00000, 0x00000000efc00000|100%| E|CS|TAMS 0x00000000efb00000, 0x00000000efb00000| Complete 
| 252|0x00000000efc00000, 0x00000000efd00000, 0x00000000efd00000|100%| E|CS|TAMS 0x00000000efc00000, 0x00000000efc00000| Complete 
| 253|0x00000000efd00000, 0x00000000efe00000, 0x00000000efe00000|100%| E|CS|TAMS 0x00000000efd00000, 0x00000000efd00000| Complete 
| 254|0x00000000efe00000, 0x00000000eff00000, 0x00000000eff00000|100%| E|CS|TAMS 0x00000000efe00000, 0x00000000efe00000| Complete 
| 255|0x00000000eff00000, 0x00000000f0000000, 0x00000000f0000000|100%| E|CS|TAMS 0x00000000eff00000, 0x00000000eff00000| Complete 

Card table byte_map: [0x0000017e37c50000,0x0000017e37d50000] _byte_map_base: 0x0000017e37550000

Marking Bits (Prev, Next): (CMBitMap*) 0x0000017e20393b60, (CMBitMap*) 0x0000017e20393ba0
 Prev Bits: [0x0000017e37e50000, 0x0000017e38650000)
 Next Bits: [0x0000017e38650000, 0x0000017e38e50000)

Polling page: 0x0000017e1e330000

Metaspace:

Usage:
  Non-class:     13.77 MB used.
      Class:      2.25 MB used.
       Both:     16.02 MB used.

Virtual space:
  Non-class space:       64.00 MB reserved,      14.00 MB ( 22%) committed,  1 nodes.
      Class space:      208.00 MB reserved,       2.50 MB (  1%) committed,  1 nodes.
             Both:      272.00 MB reserved,      16.50 MB (  6%) committed. 

Chunk freelists:
   Non-Class:  1.88 MB
       Class:  1.50 MB
        Both:  3.38 MB

MaxMetaspaceSize: 256.00 MB
CompressedClassSpaceSize: 208.00 MB
Initial GC threshold: 21.00 MB
Current GC threshold: 21.00 MB
CDS: on
MetaspaceReclaimPolicy: balanced
 - commit_granule_bytes: 65536.
 - commit_granule_words: 8192.
 - virtual_space_node_default_size: 8388608.
 - enlarge_chunks_in_place: 1.
 - new_chunks_are_fully_committed: 0.
 - uncommit_free_chunks: 1.
 - use_allocation_guard: 0.


Internal statistics:

num_allocs_failed_limit: 0.
num_arena_births: 732.
num_arena_deaths: 0.
num_vsnodes_births: 2.
num_vsnodes_deaths: 0.
num_space_committed: 264.
num_space_uncommitted: 0.
num_chunks_returned_to_freelist: 0.
num_chunks_taken_from_freelist: 1363.
num_chunk_merges: 0.
num_chunk_splits: 871.
num_chunks_enlarged: 554.
num_inconsistent_stats: 0.

CodeHeap 'non-profiled nmethods': size=119168Kb used=1303Kb max_used=1303Kb free=117864Kb
 bounds [0x0000017e2fe60000, 0x0000017e300d0000, 0x0000017e372c0000]
CodeHeap 'profiled nmethods': size=119104Kb used=5781Kb max_used=5781Kb free=113322Kb
 bounds [0x0000017e282c0000, 0x0000017e28870000, 0x0000017e2f710000]
CodeHeap 'non-nmethods': size=7488Kb used=3009Kb max_used=3042Kb free=4478Kb
 bounds [0x0000017e2f710000, 0x0000017e2fa10000, 0x0000017e2fe60000]
 total_blobs=3335 nmethods=2784 adapters=458
 compilation: enabled
              stopped_count=0, restarted_count=0
 full_count=0

Compilation events (20 events):
Event: 2.463 Thread 0x0000017e3be1a370 nmethod 2766 0x0000017e2ff9c810 code [0x0000017e2ff9c9a0, 0x0000017e2ff9ca98]
Event: 2.470 Thread 0x0000017e40420f40 nmethod 2684 0x0000017e2ff9cb90 code [0x0000017e2ff9d140, 0x0000017e2ffa1db0]
Event: 2.474 Thread 0x0000017e40009460 2767       3       java.util.LinkedList::<init> (10 bytes)
Event: 2.474 Thread 0x0000017e40111e00 2768       3       java.util.AbstractSequentialList::<init> (5 bytes)
Event: 2.475 Thread 0x0000017e40111e00 nmethod 2768 0x0000017e2885cf10 code [0x0000017e2885d0c0, 0x0000017e2885d2f8]
Event: 2.475 Thread 0x0000017e40009460 nmethod 2767 0x0000017e2885d410 code [0x0000017e2885d5c0, 0x0000017e2885d858]
Event: 2.475 Thread 0x0000017e40d63bf0 2769       1       sun.reflect.generics.repository.AbstractRepository::getFactory (5 bytes)
Event: 2.475 Thread 0x0000017e40d63bf0 nmethod 2769 0x0000017e2ffa4510 code [0x0000017e2ffa46a0, 0x0000017e2ffa4758]
Event: 2.476 Thread 0x0000017e40d63bf0 2770       3       org.gradle.internal.service.DefaultServiceRegistry$SingletonService::getAll (23 bytes)
Event: 2.477 Thread 0x0000017e40d63bf0 nmethod 2770 0x0000017e2885d990 code [0x0000017e2885db60, 0x0000017e2885dde8]
Event: 2.485 Thread 0x0000017e40420f40 2771  s    4       java.lang.Throwable::fillInStackTrace (29 bytes)
Event: 2.487 Thread 0x0000017e40420f40 nmethod 2771 0x0000017e2ffa4810 code [0x0000017e2ffa49a0, 0x0000017e2ffa4d28]
Event: 2.489 Thread 0x0000017e40d63bf0 2772       3       java.lang.Package$VersionInfo::<init> (44 bytes)
Event: 2.489 Thread 0x0000017e40d63bf0 nmethod 2772 0x0000017e2885df10 code [0x0000017e2885e0c0, 0x0000017e2885e4b8]
Event: 2.490 Thread 0x0000017e3be1a370 2773       4       java.lang.ClassNotFoundException::<init> (7 bytes)
Event: 2.494 Thread 0x0000017e3be1a370 nmethod 2773 0x0000017e2ffa4e10 code [0x0000017e2ffa4fc0, 0x0000017e2ffa5688]
Event: 2.497 Thread 0x0000017e3be1a370 2774   !   4       java.net.URLClassLoader::findClass (47 bytes)
Event: 2.497 Thread 0x0000017e40420f40 2775       4       java.net.URLClassLoader$1::run (5 bytes)
Event: 2.522 Thread 0x0000017e40111e00 2777       3       java.lang.reflect.Method::isVarArgs (5 bytes)
Event: 2.523 Thread 0x0000017e40111e00 nmethod 2777 0x0000017e2885e590 code [0x0000017e2885e740, 0x0000017e2885e918]

GC Heap History (4 events):
Event: 0.614 GC heap before
{Heap before GC invocations=0 (full 0):
 garbage-first heap   total 262144K, used 28672K [0x00000000e0000000, 0x0000000100000000)
  region size 1024K, 23 young (23552K), 0 survivors (0K)
 Metaspace       used 3132K, committed 3264K, reserved 278528K
  class space    used 375K, committed 448K, reserved 212992K
}
Event: 0.618 GC heap after
{Heap after GC invocations=1 (full 0):
 garbage-first heap   total 262144K, used 8974K [0x00000000e0000000, 0x0000000100000000)
  region size 1024K, 3 young (3072K), 3 survivors (3072K)
 Metaspace       used 3132K, committed 3264K, reserved 278528K
  class space    used 375K, committed 448K, reserved 212992K
}
Event: 1.043 GC heap before
{Heap before GC invocations=1 (full 0):
 garbage-first heap   total 262144K, used 38670K [0x00000000e0000000, 0x0000000100000000)
  region size 1024K, 31 young (31744K), 3 survivors (3072K)
 Metaspace       used 4044K, committed 4224K, reserved 278528K
  class space    used 467K, committed 576K, reserved 212992K
}
Event: 1.047 GC heap after
{Heap after GC invocations=2 (full 0):
 garbage-first heap   total 262144K, used 12851K [0x00000000e0000000, 0x0000000100000000)
  region size 1024K, 4 young (4096K), 4 survivors (4096K)
 Metaspace       used 4044K, committed 4224K, reserved 278528K
  class space    used 467K, committed 576K, reserved 212992K
}

Dll operation events (13 events):
Event: 0.005 Loaded shared library D:\jdk-19.0.2\bin\java.dll
Event: 0.014 Loaded shared library D:\jdk-19.0.2\bin\jsvml.dll
Event: 0.059 Loaded shared library D:\jdk-19.0.2\bin\net.dll
Event: 0.060 Loaded shared library D:\jdk-19.0.2\bin\nio.dll
Event: 0.064 Loaded shared library D:\jdk-19.0.2\bin\zip.dll
Event: 0.266 Loaded shared library D:\jdk-19.0.2\bin\jimage.dll
Event: 0.323 Loaded shared library D:\jdk-19.0.2\bin\verify.dll
Event: 0.477 Loaded shared library C:\Users\Jose Ramos\.gradle\native\e1d6ef7f7dcc3fd88c89a11ec53ec762bb8ba0a96d01ffa2cd45eb1d1d8dd5c5\windows-amd64\native-platform.dll
Event: 0.482 Loaded shared library C:\Users\Jose Ramos\.gradle\native\0d407fdbe67a94daf76414ababcb853783967236a71b16ec16e742cd7a986fd3\windows-amd64\native-platform-file-events.dll
Event: 1.276 Loaded shared library D:\jdk-19.0.2\bin\management.dll
Event: 1.278 Loaded shared library D:\jdk-19.0.2\bin\management_ext.dll
Event: 1.500 Loaded shared library D:\jdk-19.0.2\bin\extnet.dll
Event: 1.764 Loaded shared library D:\jdk-19.0.2\bin\sunmscapi.dll

Deoptimization events (20 events):
Event: 2.068 Thread 0x0000017e41dd0090 DEOPT PACKING pc=0x0000017e2ff580b0 sp=0x00000036005fcbe0
Event: 2.068 Thread 0x0000017e41dd0090 DEOPT UNPACKING pc=0x0000017e2f776da3 sp=0x00000036005fcb88 mode 2
Event: 2.072 Thread 0x0000017e41dd0090 Uncommon trap: trap_request=0xffffff45 fr.pc=0x0000017e2ff2f368 relative=0x0000000000000908
Event: 2.072 Thread 0x0000017e41dd0090 Uncommon trap: reason=unstable_if action=reinterpret pc=0x0000017e2ff2f368 method=jdk.internal.org.objectweb.asm.Frame.execute(IILjdk/internal/org/objectweb/asm/Symbol;Ljdk/internal/org/objectweb/asm/SymbolTable;)V @ 1 c2
Event: 2.072 Thread 0x0000017e41dd0090 DEOPT PACKING pc=0x0000017e2ff2f368 sp=0x00000036005fca70
Event: 2.072 Thread 0x0000017e41dd0090 DEOPT UNPACKING pc=0x0000017e2f776da3 sp=0x00000036005fc9d8 mode 2
Event: 2.072 Thread 0x0000017e41dd0090 Uncommon trap: trap_request=0xffffff45 fr.pc=0x0000017e2ff66324 relative=0x0000000000000084
Event: 2.072 Thread 0x0000017e41dd0090 Uncommon trap: reason=unstable_if action=reinterpret pc=0x0000017e2ff66324 method=java.lang.invoke.LambdaForm$BasicType.basicType(C)Ljava/lang/invoke/LambdaForm$BasicType; @ 1 c2
Event: 2.072 Thread 0x0000017e41dd0090 DEOPT PACKING pc=0x0000017e2ff66324 sp=0x00000036005fca50
Event: 2.072 Thread 0x0000017e41dd0090 DEOPT UNPACKING pc=0x0000017e2f776da3 sp=0x00000036005fc9e8 mode 2
Event: 2.099 Thread 0x0000017e41dd0090 Uncommon trap: trap_request=0xffffff45 fr.pc=0x0000017e2fe804d8 relative=0x0000000000000bb8
Event: 2.099 Thread 0x0000017e41dd0090 Uncommon trap: reason=unstable_if action=reinterpret pc=0x0000017e2fe804d8 method=java.io.WinNTFileSystem.resolve(Ljava/lang/String;Ljava/lang/String;)Ljava/lang/String; @ 19 c2
Event: 2.099 Thread 0x0000017e41dd0090 DEOPT PACKING pc=0x0000017e2fe804d8 sp=0x00000036005fd430
Event: 2.099 Thread 0x0000017e41dd0090 DEOPT UNPACKING pc=0x0000017e2f776da3 sp=0x00000036005fd3c8 mode 2
Event: 2.132 Thread 0x0000017e41dd0090 Uncommon trap: trap_request=0xffffffcc fr.pc=0x0000017e2ff72cc8 relative=0x0000000000000328
Event: 2.132 Thread 0x0000017e41dd0090 Uncommon trap: reason=intrinsic_or_type_checked_inlining action=make_not_entrant pc=0x0000017e2ff72cc8 method=java.util.Arrays.copyOf([Ljava/lang/Object;ILjava/lang/Class;)[Ljava/lang/Object; @ 35 c2
Event: 2.132 Thread 0x0000017e41dd0090 DEOPT PACKING pc=0x0000017e2ff72cc8 sp=0x00000036005fcde0
Event: 2.132 Thread 0x0000017e41dd0090 DEOPT UNPACKING pc=0x0000017e2f776da3 sp=0x00000036005fcd88 mode 2
Event: 2.493 Thread 0x0000017e41dd0090 DEOPT PACKING pc=0x0000017e28747b69 sp=0x00000036005f87f0
Event: 2.493 Thread 0x0000017e41dd0090 DEOPT UNPACKING pc=0x0000017e2f777543 sp=0x00000036005f7d00 mode 0

Classes loaded (20 events):
Event: 2.322 Loading class java/lang/management/MemoryUsage
Event: 2.322 Loading class java/lang/management/MemoryUsage done
Event: 2.322 Loading class java/util/concurrent/LinkedBlockingDeque$Node
Event: 2.322 Loading class java/util/concurrent/LinkedBlockingDeque$Node done
Event: 2.324 Loading class java/util/concurrent/locks/ReadWriteLock
Event: 2.324 Loading class java/util/concurrent/locks/ReadWriteLock done
Event: 2.326 Loading class java/nio/file/FileVisitOption
Event: 2.326 Loading class java/nio/file/FileVisitOption done
Event: 2.331 Loading class java/util/stream/ReduceOps$1
Event: 2.331 Loading class java/util/stream/ReduceOps$1 done
Event: 2.331 Loading class java/util/stream/ReduceOps$1ReducingSink
Event: 2.331 Loading class java/util/stream/ReduceOps$1ReducingSink done
Event: 2.531 Loading class javax/xml/parsers/ParserConfigurationException
Event: 2.531 Loading class javax/xml/parsers/ParserConfigurationException done
Event: 2.531 Loading class org/xml/sax/SAXException
Event: 2.531 Loading class org/xml/sax/SAXException done
Event: 2.531 Loading class javax/xml/xpath/XPathExpressionException
Event: 2.531 Loading class javax/xml/xpath/XPathException
Event: 2.532 Loading class javax/xml/xpath/XPathException done
Event: 2.532 Loading class javax/xml/xpath/XPathExpressionException done

Classes unloaded (0 events):
No events

Classes redefined (0 events):
No events

Internal exceptions (20 events):
Event: 2.151 Thread 0x0000017e41dd0090 Exception <a 'java/lang/NoSuchMethodError'{0x00000000ed1e3728}: 'java.lang.Object java.lang.invoke.DirectMethodHandle$Holder.invokeStatic(java.lang.Object, java.lang.Object, java.lang.Object, java.lang.Object, java.lang.Object, java.lang.Object, java.lang.Object, java.lang.Object, java.lang.Object, java.lang.Object, java.lang.Object, java.lang.Object, java.lang.Object, java.lang.Object, java.lang.Object, java.lang.Object, java.lang.Object, java.lang.Object, java.lang.Object, java.lang.Object, java.lang.Obj
Event: 2.153 Thread 0x0000017e41dd0090 Exception <a 'java/lang/NoSuchMethodError'{0x00000000ed0124f8}: 'java.lang.Object java.lang.invoke.DirectMethodHandle$Holder.invokeStatic(java.lang.Object, java.lang.Object, java.lang.Object, java.lang.Object, java.lang.Object, java.lang.Object, java.lang.Object, java.lang.Object, java.lang.Object, java.lang.Object, java.lang.Object, java.lang.Object, java.lang.Object, java.lang.Object, java.lang.Object, java.lang.Object, java.lang.Object, java.lang.Object, java.lang.Object, java.lang.Object, java.lang.Obj
Event: 2.211 Thread 0x0000017e4204a4c0 Exception <a 'java/lang/NoSuchMethodError'{0x00000000ee599dc8}: static Lorg/gradle/internal/build/event/types/DefaultOperationStartedProgressEvent;.<clinit>()V> (0x00000000ee599dc8) 
thrown [s\open\src\hotspot\share\prims\jni.cpp, line 1107]
Event: 2.211 Thread 0x0000017e4204a4c0 Exception <a 'java/lang/NoSuchMethodError'{0x00000000ee59b498}: static Lorg/gradle/internal/build/event/types/AbstractProgressEvent;.<clinit>()V> (0x00000000ee59b498) 
thrown [s\open\src\hotspot\share\prims\jni.cpp, line 1107]
Event: 2.214 Thread 0x0000017e4204a4c0 Exception <a 'java/lang/NoSuchMethodError'{0x00000000ee5a3de0}: static Lorg/gradle/internal/build/event/types/DefaultOperationDescriptor;.<clinit>()V> (0x00000000ee5a3de0) 
thrown [s\open\src\hotspot\share\prims\jni.cpp, line 1107]
Event: 2.216 Thread 0x0000017e4204a4c0 Exception <a 'java/lang/NoSuchMethodError'{0x00000000ee5a7348}: 'long java.lang.invoke.DirectMethodHandle$Holder.invokeSpecial(java.lang.Object, java.lang.Object)'> (0x00000000ee5a7348) 
thrown [s\open\src\hotspot\share\interpreter\linkResolver.cpp, line 774]
Event: 2.216 Thread 0x0000017e4204a4c0 Exception <a 'java/lang/NoSuchMethodError'{0x00000000ee5aa7f0}: 'long java.lang.invoke.Invokers$Holder.invokeExact_MT(java.lang.Object, java.lang.Object)'> (0x00000000ee5aa7f0) 
thrown [s\open\src\hotspot\share\interpreter\linkResolver.cpp, line 774]
Event: 2.219 Thread 0x0000017e4204a4c0 Exception <a 'java/lang/NoSuchMethodError'{0x00000000ee5c0420}: static Lorg/gradle/internal/operations/OperationIdentifier;.<clinit>()V> (0x00000000ee5c0420) 
thrown [s\open\src\hotspot\share\prims\jni.cpp, line 1107]
Event: 2.268 Thread 0x0000017e41dd0090 Exception <a 'java/lang/NoSuchMethodError'{0x00000000eccebf60}: 'void java.lang.invoke.DirectMethodHandle$Holder.invokeInterface(java.lang.Object, java.lang.Object)'> (0x00000000eccebf60) 
thrown [s\open\src\hotspot\share\interpreter\linkResolver.cpp, line 774]
Event: 2.269 Thread 0x0000017e41dd0090 Exception <a 'java/lang/IncompatibleClassChangeError'{0x00000000eccef9a8}: Found class java.lang.Object, but interface was expected> (0x00000000eccef9a8) 
thrown [s\open\src\hotspot\share\interpreter\linkResolver.cpp, line 841]
Event: 2.328 Thread 0x0000017e41dd0090 Exception <a 'java/lang/NoSuchMethodError'{0x00000000ecae2d68}: 'int java.lang.invoke.DirectMethodHandle$Holder.invokeSpecialIFC(java.lang.Object, java.lang.Object, java.lang.Object, java.lang.Object)'> (0x00000000ecae2d68) 
thrown [s\open\src\hotspot\share\interpreter\linkResolver.cpp, line 774]
Event: 2.330 Thread 0x0000017e41dd0090 Exception <a 'java/lang/NoSuchMethodError'{0x00000000ecaf2058}: 'java.lang.Object java.lang.invoke.DirectMethodHandle$Holder.invokeInterface(java.lang.Object, java.lang.Object, java.lang.Object)'> (0x00000000ecaf2058) 
thrown [s\open\src\hotspot\share\interpreter\linkResolver.cpp, line 774]
Event: 2.330 Thread 0x0000017e41dd0090 Exception <a 'java/lang/IncompatibleClassChangeError'{0x00000000ecaf5c88}: Found class java.lang.Object, but interface was expected> (0x00000000ecaf5c88) 
thrown [s\open\src\hotspot\share\interpreter\linkResolver.cpp, line 841]
Event: 2.334 Thread 0x0000017e41dd0090 Exception <a 'java/lang/NoSuchMethodError'{0x00000000ec9080b8}: 'java.lang.Object java.lang.invoke.DirectMethodHandle$Holder.newInvokeSpecial(java.lang.Object, java.lang.Object, java.lang.Object, java.lang.Object, java.lang.Object, java.lang.Object, java.lang.Object, java.lang.Object, java.lang.Object, java.lang.Object)'> (0x00000000ec9080b8) 
thrown [s\open\src\hotspot\share\interpreter\linkResolver.cpp, line 774]
Event: 2.398 Thread 0x0000017e41dd0090 Exception <a 'java/lang/NoSuchMethodError'{0x00000000ec7ca2e0}: 'int java.lang.invoke.DirectMethodHandle$Holder.invokeStatic(java.lang.Object, java.lang.Object, java.lang.Object, java.lang.Object)'> (0x00000000ec7ca2e0) 
thrown [s\open\src\hotspot\share\interpreter\linkResolver.cpp, line 774]
Event: 2.420 Thread 0x0000017e41dd0090 Exception <a 'java/lang/NoSuchMethodError'{0x00000000ec6abf90}: 'java.lang.Object java.lang.invoke.DirectMethodHandle$Holder.invokeVirtual(java.lang.Object, java.lang.Object, java.lang.Object, java.lang.Object, java.lang.Object, java.lang.Object, java.lang.Object, java.lang.Object, java.lang.Object, java.lang.Object, java.lang.Object, java.lang.Object, java.lang.Object, java.lang.Object, java.lang.Object, java.lang.Object, java.lang.Object, java.lang.Object, java.lang.Object, java.lang.Object)'> (0x0000000
Event: 2.421 Thread 0x0000017e41dd0090 Exception <a 'java/lang/NoSuchMethodError'{0x00000000ec6b1c88}: 'java.lang.Object java.lang.invoke.DirectMethodHandle$Holder.invokeSpecial(java.lang.Object, java.lang.Object, java.lang.Object, java.lang.Object, java.lang.Object, java.lang.Object, java.lang.Object, java.lang.Object, java.lang.Object, java.lang.Object, java.lang.Object, java.lang.Object, java.lang.Object, java.lang.Object, java.lang.Object, java.lang.Object, java.lang.Object, java.lang.Object, java.lang.Object, java.lang.Object, java.lang.Ob
Event: 2.421 Thread 0x0000017e41dd0090 Exception <a 'java/lang/NoSuchMethodError'{0x00000000ec6b71b8}: 'java.lang.Object java.lang.invoke.DelegatingMethodHandle$Holder.reinvoke_L(java.lang.Object, java.lang.Object, java.lang.Object, java.lang.Object, java.lang.Object, java.lang.Object, java.lang.Object, java.lang.Object, java.lang.Object, java.lang.Object, java.lang.Object, java.lang.Object, java.lang.Object, java.lang.Object, java.lang.Object, java.lang.Object, java.lang.Object, java.lang.Object, java.lang.Object, java.lang.Object)'> (0x000000
Event: 2.428 Thread 0x0000017e41dd0090 Exception <a 'java/lang/NoSuchMethodError'{0x00000000ec558898}: 'java.lang.Object java.lang.invoke.DirectMethodHandle$Holder.invokeInterface(java.lang.Object, java.lang.Object)'> (0x00000000ec558898) 
thrown [s\open\src\hotspot\share\interpreter\linkResolver.cpp, line 774]
Event: 2.540 Thread 0x0000017e41dd0090 Exception <a 'java/lang/NoSuchMethodError'{0x00000000ebf97190}: 'void java.lang.invoke.DirectMethodHandle$Holder.invokeStatic(java.lang.Object, java.lang.Object)'> (0x00000000ebf97190) 
thrown [s\open\src\hotspot\share\interpreter\linkResolver.cpp, line 774]

VM Operations (20 events):
Event: 1.408 Executing VM operation: HandshakeAllThreads
Event: 1.408 Executing VM operation: HandshakeAllThreads done
Event: 1.428 Executing VM operation: HandshakeAllThreads
Event: 1.429 Executing VM operation: HandshakeAllThreads done
Event: 1.481 Executing VM operation: HandshakeAllThreads
Event: 1.481 Executing VM operation: HandshakeAllThreads done
Event: 1.707 Executing VM operation: HandshakeAllThreads
Event: 1.707 Executing VM operation: HandshakeAllThreads done
Event: 1.774 Executing VM operation: HandshakeAllThreads
Event: 1.774 Executing VM operation: HandshakeAllThreads done
Event: 1.776 Executing VM operation: ICBufferFull
Event: 1.777 Executing VM operation: ICBufferFull done
Event: 1.958 Executing VM operation: HandshakeAllThreads
Event: 1.958 Executing VM operation: HandshakeAllThreads done
Event: 2.160 Executing VM operation: HandshakeAllThreads
Event: 2.160 Executing VM operation: HandshakeAllThreads done
Event: 2.161 Executing VM operation: HandshakeAllThreads
Event: 2.161 Executing VM operation: HandshakeAllThreads done
Event: 2.281 Executing VM operation: ICBufferFull
Event: 2.281 Executing VM operation: ICBufferFull done

Events (20 events):
Event: 0.040 Thread 0x0000017e40111e00 Thread added: 0x0000017e40111e00
Event: 0.051 Thread 0x0000017e4014f690 Thread added: 0x0000017e4014f690
Event: 0.054 Thread 0x0000017e40151030 Thread added: 0x0000017e40151030
Event: 0.207 Thread 0x0000017e40277140 Thread added: 0x0000017e40277140
Event: 0.289 Thread 0x0000017e40420f40 Thread added: 0x0000017e40420f40
Event: 0.417 Thread 0x0000017e40660b40 Thread added: 0x0000017e40660b40
Event: 0.545 Thread 0x0000017e40d63bf0 Thread added: 0x0000017e40d63bf0
Event: 1.317 Thread 0x0000017e41ff4430 Thread added: 0x0000017e41ff4430
Event: 1.683 Thread 0x0000017e4163afe0 Thread added: 0x0000017e4163afe0
Event: 1.743 Thread 0x0000017e411574f0 Thread added: 0x0000017e411574f0
Event: 1.798 Thread 0x0000017e41852c70 Thread added: 0x0000017e41852c70
Event: 1.801 Thread 0x0000017e41a6d960 Thread added: 0x0000017e41a6d960
Event: 1.824 Thread 0x0000017e41f9e340 Thread added: 0x0000017e41f9e340
Event: 1.829 Thread 0x0000017e41dd0090 Thread added: 0x0000017e41dd0090
Event: 1.838 Thread 0x0000017e4054b1b0 Thread added: 0x0000017e4054b1b0
Event: 1.841 Thread 0x0000017e42049f70 Thread added: 0x0000017e42049f70
Event: 1.849 Thread 0x0000017e4204a4c0 Thread added: 0x0000017e4204a4c0
Event: 1.958 Thread 0x0000017e420509b0 Thread added: 0x0000017e420509b0
Event: 1.987 Thread 0x0000017e4204ef20 Thread added: 0x0000017e4204ef20
Event: 2.296 Thread 0x0000017e4204cf40 Thread added: 0x0000017e4204cf40


Dynamic libraries:
0x00007ff614a00000 - 0x00007ff614a0e000 	D:\jdk-19.0.2\bin\java.exe
0x00007ffea0d70000 - 0x00007ffea0f68000 	C:\Windows\SYSTEM32\ntdll.dll
0x00007ffea0c00000 - 0x00007ffea0cbf000 	C:\Windows\System32\KERNEL32.DLL
0x00007ffe9eae0000 - 0x00007ffe9edb2000 	C:\Windows\System32\KERNELBASE.dll
0x00007ffe9e600000 - 0x00007ffe9e700000 	C:\Windows\System32\ucrtbase.dll
0x00007ffe88990000 - 0x00007ffe889a7000 	D:\jdk-19.0.2\bin\jli.dll
0x00007ffe847b0000 - 0x00007ffe847cb000 	D:\jdk-19.0.2\bin\VCRUNTIME140.dll
0x00007ffe9f7e0000 - 0x00007ffe9f981000 	C:\Windows\System32\USER32.dll
0x00007ffe9e950000 - 0x00007ffe9e972000 	C:\Windows\System32\win32u.dll
0x00007ffe9fae0000 - 0x00007ffe9fb0b000 	C:\Windows\System32\GDI32.dll
0x00007ffe9e4f0000 - 0x00007ffe9e5ff000 	C:\Windows\System32\gdi32full.dll
0x00007ffe8d100000 - 0x00007ffe8d39a000 	C:\Windows\WinSxS\amd64_microsoft.windows.common-controls_6595b64144ccf1df_6.0.19041.1110_none_60b5254171f9507e\COMCTL32.dll
0x00007ffe9e820000 - 0x00007ffe9e8bd000 	C:\Windows\System32\msvcp_win.dll
0x00007ffe9f580000 - 0x00007ffe9f61e000 	C:\Windows\System32\msvcrt.dll
0x00007ffe9edc0000 - 0x00007ffe9edf0000 	C:\Windows\System32\IMM32.DLL
0x00007ffe8e610000 - 0x00007ffe8e61c000 	D:\jdk-19.0.2\bin\vcruntime140_1.dll
0x00007ffe6c9e0000 - 0x00007ffe6ca6e000 	D:\jdk-19.0.2\bin\msvcp140.dll
0x00007ffe5b9f0000 - 0x00007ffe5c6b0000 	D:\jdk-19.0.2\bin\server\jvm.dll
0x00007ffe9edf0000 - 0x00007ffe9ee9e000 	C:\Windows\System32\ADVAPI32.dll
0x00007ffe9fe50000 - 0x00007ffe9feec000 	C:\Windows\System32\sechost.dll
0x00007ffe9f440000 - 0x00007ffe9f564000 	C:\Windows\System32\RPCRT4.dll
0x00007ffe97bf0000 - 0x00007ffe97bf9000 	C:\Windows\SYSTEM32\WSOCK32.dll
0x00007ffe9c270000 - 0x00007ffe9c297000 	C:\Windows\SYSTEM32\WINMM.dll
0x00007ffea0cc0000 - 0x00007ffea0d2b000 	C:\Windows\System32\WS2_32.dll
0x00007ffe96140000 - 0x00007ffe9614a000 	C:\Windows\SYSTEM32\VERSION.dll
0x00007ffe9cc80000 - 0x00007ffe9cc92000 	C:\Windows\SYSTEM32\kernel.appcore.dll
0x00007ffe8e420000 - 0x00007ffe8e42a000 	D:\jdk-19.0.2\bin\jimage.dll
0x00007ffe9c080000 - 0x00007ffe9c264000 	C:\Windows\SYSTEM32\DBGHELP.DLL
0x00007ffe9c040000 - 0x00007ffe9c075000 	C:\Windows\SYSTEM32\dbgcore.DLL
0x00007ffe9e8c0000 - 0x00007ffe9e942000 	C:\Windows\System32\bcryptPrimitives.dll
0x00007ffe7b3e0000 - 0x00007ffe7b406000 	D:\jdk-19.0.2\bin\java.dll
0x00007ffe5dc90000 - 0x00007ffe5dd67000 	D:\jdk-19.0.2\bin\jsvml.dll
0x00007ffea04a0000 - 0x00007ffea0be5000 	C:\Windows\System32\SHELL32.dll
0x00007ffe9c4d0000 - 0x00007ffe9cc62000 	C:\Windows\SYSTEM32\windows.storage.dll
0x00007ffea0140000 - 0x00007ffea0495000 	C:\Windows\System32\combase.dll
0x00007ffe9dd10000 - 0x00007ffe9dd40000 	C:\Windows\SYSTEM32\Wldp.dll
0x00007ffe9fb10000 - 0x00007ffe9fbbd000 	C:\Windows\System32\SHCORE.dll
0x00007ffe9f3e0000 - 0x00007ffe9f435000 	C:\Windows\System32\shlwapi.dll
0x00007ffe9e3b0000 - 0x00007ffe9e3cf000 	C:\Windows\SYSTEM32\profapi.dll
0x00007ffe7a170000 - 0x00007ffe7a183000 	D:\jdk-19.0.2\bin\net.dll
0x00007ffe95760000 - 0x00007ffe9586a000 	C:\Windows\SYSTEM32\WINHTTP.dll
0x00007ffe9daf0000 - 0x00007ffe9db5a000 	C:\Windows\system32\mswsock.dll
0x00007ffe7bea0000 - 0x00007ffe7beb6000 	D:\jdk-19.0.2\bin\nio.dll
0x00007ffe7b120000 - 0x00007ffe7b138000 	D:\jdk-19.0.2\bin\zip.dll
0x00007ffe8b1a0000 - 0x00007ffe8b1b0000 	D:\jdk-19.0.2\bin\verify.dll
0x00007ffe66b10000 - 0x00007ffe66b37000 	C:\Users\Jose Ramos\.gradle\native\e1d6ef7f7dcc3fd88c89a11ec53ec762bb8ba0a96d01ffa2cd45eb1d1d8dd5c5\windows-amd64\native-platform.dll
0x00007ffe74560000 - 0x00007ffe746a4000 	C:\Users\Jose Ramos\.gradle\native\0d407fdbe67a94daf76414ababcb853783967236a71b16ec16e742cd7a986fd3\windows-amd64\native-platform-file-events.dll
0x00007ffe7faf0000 - 0x00007ffe7fafa000 	D:\jdk-19.0.2\bin\management.dll
0x00007ffe7e500000 - 0x00007ffe7e50b000 	D:\jdk-19.0.2\bin\management_ext.dll
0x00007ffe9f9f0000 - 0x00007ffe9f9f8000 	C:\Windows\System32\PSAPI.DLL
0x00007ffe9dd50000 - 0x00007ffe9dd68000 	C:\Windows\SYSTEM32\CRYPTSP.dll
0x00007ffe9d430000 - 0x00007ffe9d464000 	C:\Windows\system32\rsaenh.dll
0x00007ffe9e4c0000 - 0x00007ffe9e4e7000 	C:\Windows\System32\bcrypt.dll
0x00007ffe9e330000 - 0x00007ffe9e35e000 	C:\Windows\SYSTEM32\USERENV.dll
0x00007ffe9dc80000 - 0x00007ffe9dc8c000 	C:\Windows\SYSTEM32\CRYPTBASE.dll
0x00007ffe9d800000 - 0x00007ffe9d83b000 	C:\Windows\SYSTEM32\IPHLPAPI.DLL
0x00007ffea0bf0000 - 0x00007ffea0bf8000 	C:\Windows\System32\NSI.dll
0x00007ffe96150000 - 0x00007ffe96167000 	C:\Windows\SYSTEM32\dhcpcsvc6.DLL
0x00007ffe95240000 - 0x00007ffe9525d000 	C:\Windows\SYSTEM32\dhcpcsvc.DLL
0x00007ffe9d840000 - 0x00007ffe9d90b000 	C:\Windows\SYSTEM32\DNSAPI.dll
0x00007ffe8c190000 - 0x00007ffe8c198000 	D:\jdk-19.0.2\bin\extnet.dll
0x00007ffe7dec0000 - 0x00007ffe7dece000 	D:\jdk-19.0.2\bin\sunmscapi.dll
0x00007ffe9e980000 - 0x00007ffe9ead6000 	C:\Windows\System32\CRYPT32.dll
0x00007ffe9ded0000 - 0x00007ffe9def7000 	C:\Windows\SYSTEM32\ncrypt.dll
0x00007ffe9de90000 - 0x00007ffe9decb000 	C:\Windows\SYSTEM32\NTASN1.dll
0x00007ffe7fa50000 - 0x00007ffe7fa57000 	C:\Windows\system32\wshunix.dll

dbghelp: loaded successfully - version: 4.0.5 - missing functions: none
symbol engine: initialized successfully - sym options: 0x614 - pdb path: (cannot be retrieved)

VM Arguments:
jvm_args: --add-opens=java.base/java.util=ALL-UNNAMED --add-opens=java.base/java.lang=ALL-UNNAMED --add-opens=java.base/java.lang.invoke=ALL-UNNAMED --add-opens=java.base/java.util=ALL-UNNAMED --add-opens=java.prefs/java.util.prefs=ALL-UNNAMED --add-opens=java.prefs/java.util.prefs=ALL-UNNAMED --add-opens=java.base/java.nio.charset=ALL-UNNAMED --add-opens=java.base/java.net=ALL-UNNAMED --add-opens=java.base/java.util.concurrent.atomic=ALL-UNNAMED -XX:MaxMetaspaceSize=256m -XX:+HeapDumpOnOutOfMemoryError -Xms256m -Xmx512m -Dfile.encoding=utf8 -Duser.country=US -Duser.language=en -Duser.variant 
java_command: org.gradle.launcher.daemon.bootstrap.GradleDaemon 7.5.1
java_class_path (initial): C:\Users\Jose Ramos\.gradle\wrapper\dists\gradle-7.5.1-bin\7jzzequgds1hbszbhq3npc5ng\gradle-7.5.1\lib\gradle-launcher-7.5.1.jar
Launcher Type: SUN_STANDARD

[Global flags]
     intx CICompilerCount                          = 12                                        {product} {ergonomic}
   size_t CompressedClassSpaceSize                 = 218103808                                 {product} {ergonomic}
     uint ConcGCThreads                            = 3                                         {product} {ergonomic}
     uint G1ConcRefinementThreads                  = 13                                        {product} {ergonomic}
   size_t G1HeapRegionSize                         = 1048576                                   {product} {ergonomic}
    uintx GCDrainStackTargetSize                   = 64                                        {product} {ergonomic}
     bool HeapDumpOnOutOfMemoryError               = true                                   {manageable} {command line}
   size_t InitialHeapSize                          = 268435456                                 {product} {command line}
   size_t MarkStackSize                            = 4194304                                   {product} {ergonomic}
   size_t MaxHeapSize                              = 536870912                                 {product} {command line}
   size_t MaxMetaspaceSize                         = 268435456                                 {product} {command line}
   size_t MaxNewSize                               = 321912832                                 {product} {ergonomic}
   size_t MinHeapDeltaBytes                        = 1048576                                   {product} {ergonomic}
   size_t MinHeapSize                              = 268435456                                 {product} {command line}
    uintx NonNMethodCodeHeapSize                   = 7602480                                {pd product} {ergonomic}
    uintx NonProfiledCodeHeapSize                  = 122027880                              {pd product} {ergonomic}
    uintx ProfiledCodeHeapSize                     = 122027880                              {pd product} {ergonomic}
    uintx ReservedCodeCacheSize                    = 251658240                              {pd product} {ergonomic}
     bool SegmentedCodeCache                       = true                                      {product} {ergonomic}
   size_t SoftMaxHeapSize                          = 536870912                              {manageable} {ergonomic}
     bool UseCompressedClassPointers               = true                           {product lp64_product} {ergonomic}
     bool UseCompressedOops                        = true                           {product lp64_product} {ergonomic}
     bool UseG1GC                                  = true                                      {product} {ergonomic}
     bool UseLargePagesIndividualAllocation        = false                                  {pd product} {ergonomic}

Logging:
Log output configuration:
 #0: stdout all=warning uptime,level,tags foldmultilines=false
 #1: stderr all=off uptime,level,tags foldmultilines=false

Environment Variables:
JAVA_HOME=D:\jdk-19.0.2
PATH=C:\Windows\system32;C:\Windows;C:\Windows\System32\Wbem;C:\Windows\System32\WindowsPowerShell\v1.0\;C:\Windows\System32\OpenSSH\;C:\MinGW\bin;C:\Program Files\Git\cmd;A:\JavaJdk\bin;D;D:\SQLITE3;C:\Program Files\dotnet\;C:\Program Files (x86)\NVIDIA Corporation\PhysX\Common;C:\Program Files\NVIDIA Corporation\NVIDIA NvDLISR;C:\Users\Jose Ramos\AppData\Local\Microsoft\WindowsApps;C:\Users\Jos Ramos\AppData\Local\Programs\Microsoft VS Code\bin;C:\Program Files\JetBrains\CLion 2021.1.1\bin;;D:\Flutter\flutter\bin;;D:\ghcup\bin;D:\IntelliJ IDEA 2022.3.2\bin;
USERNAME=Jose Ramos
OS=Windows_NT
PROCESSOR_IDENTIFIER=AMD64 Family 23 Model 96 Stepping 1, AuthenticAMD
TMP=C:\Users\JOSERA~1\AppData\Local\Temp
TEMP=C:\Users\JOSERA~1\AppData\Local\Temp



---------------  S Y S T E M  ---------------

OS:
 Windows 10 , 64 bit Build 19041 (10.0.19041.2546)
OS uptime: 17 days 23:02 hours
Hyper-V role detected

CPU: total 16 (initial active 16) (16 cores per cpu, 2 threads per core) family 23 model 96 stepping 1 microcode 0x0, cx8, cmov, fxsr, ht, mmx, 3dnowpref, sse, sse2, sse3, ssse3, sse4a, sse4.1, sse4.2, popcnt, lzcnt, tsc, tscinvbit, avx, avx2, aes, clmul, bmi1, bmi2, adx, sha, fma, vzeroupper, clflush, clflushopt, hv, rdtscp, rdpid

Memory: 4k page, system-wide physical 15789M (3578M free)
TotalPageFile size 19859M (AvailPageFile size 4M)
current process WorkingSet (physical memory assigned to process): 198M, peak: 198M
current process commit charge ("private bytes"): 440M, peak: 440M

vm_info: OpenJDK 64-Bit Server VM (19.0.2+7-44) for windows-amd64 JRE (19.0.2+7-44), built on 2022-11-30T18:02:09Z by "mach5one" with MS VC++ 17.1 (VS2022)

END.
